2025-12-06 23:09:01,953 ERROR Error in callback handling
Traceback (most recent call last):
  File "C:\Users\Dimondrol\Desktop\bot\venv\Lib\site-packages\urllib3\connectionpool.py", line 787, in urlopen
    response = self._make_request(
               ^^^^^^^^^^^^^^^^^^^
  File "C:\Users\Dimondrol\Desktop\bot\venv\Lib\site-packages\urllib3\connectionpool.py", line 534, in _make_request
    response = conn.getresponse()
               ^^^^^^^^^^^^^^^^^^
  File "C:\Users\Dimondrol\Desktop\bot\venv\Lib\site-packages\urllib3\connection.py", line 571, in getresponse
    httplib_response = super().getresponse()
                       ^^^^^^^^^^^^^^^^^^^^^
  File "C:\Users\Dimondrol\AppData\Local\Programs\Python\Python312\Lib\http\client.py", line 1428, in getresponse
    response.begin()
  File "C:\Users\Dimondrol\AppData\Local\Programs\Python\Python312\Lib\http\client.py", line 331, in begin
    version, status, reason = self._read_status()
                              ^^^^^^^^^^^^^^^^^^^
  File "C:\Users\Dimondrol\AppData\Local\Programs\Python\Python312\Lib\http\client.py", line 300, in _read_status
    raise RemoteDisconnected("Remote end closed connection without"
http.client.RemoteDisconnected: Remote end closed connection without response

The above exception was the direct cause of the following exception:

urllib3.exceptions.ProxyError: ('Unable to connect to proxy', RemoteDisconnected('Remote end closed connection without response'))

The above exception was the direct cause of the following exception:

Traceback (most recent call last):
  File "C:\Users\Dimondrol\Desktop\bot\venv\Lib\site-packages\requests\adapters.py", line 644, in send
    resp = conn.urlopen(
           ^^^^^^^^^^^^^
  File "C:\Users\Dimondrol\Desktop\bot\venv\Lib\site-packages\urllib3\connectionpool.py", line 841, in urlopen
    retries = retries.increment(
              ^^^^^^^^^^^^^^^^^^
  File "C:\Users\Dimondrol\Desktop\bot\venv\Lib\site-packages\urllib3\util\retry.py", line 519, in increment
    raise MaxRetryError(_pool, url, reason) from reason  # type: ignore[arg-type]
    ^^^^^^^^^^^^^^^^^^^^^^^^^^^^^^^^^^^^^^^^^^^^^^^^^^^
urllib3.exceptions.MaxRetryError: HTTPSConnectionPool(host='api.telegram.org', port=443): Max retries exceeded with url: /bot8154142653:AAH4c34ft-eAat6mln-uL2I7fye9itS79vE/sendMessage?chat_id=1374615669&text=%D0%93%D0%BB%D0%B0%D0%B2%D0%BD%D0%BE%D0%B5+%D0%BC%D0%B5%D0%BD%D1%8E%3A&reply_markup=%7B%22inline_keyboard%22%3A+%5B%5B%7B%22text%22%3A+%22%5Cud83d%5Cudcc2+%5Cu0410%5Cu0440%5Cu0445%5Cu0438%5Cu0432+%5Cu0441%5Cu0435%5Cu0440%5Cu0438%5Cu0430%5Cu043b%5Cu043e%5Cu0432%22%2C+%22callback_data%22%3A+%22list_series%3A0%22%7D%5D%2C+%5B%7B%22text%22%3A+%22%5Cu2795+%5Cu0414%5Cu043e%5Cu0431%5Cu0430%5Cu0432%5Cu0438%5Cu0442%5Cu044c+%28%5Cu0430%5Cu0434%5Cu043c%5Cu0438%5Cu043d%29%22%2C+%22callback_data%22%3A+%22add_menu%22%7D%2C+%7B%22text%22%3A+%22%5Cu270f%5Cufe0f+%5Cu0420%5Cu0435%5Cu0434%5Cu0430%5Cu043a%5Cu0442%5Cu0438%5Cu0440%5Cu043e%5Cu0432%5Cu0430%5Cu0442%5Cu044c+%28%5Cu0430%5Cu0434%5Cu043c%5Cu0438%5Cu043d%29%22%2C+%22callback_data%22%3A+%22edit_menu%22%7D%5D%5D%7D&parse_mode=HTML (Caused by ProxyError('Unable to connect to proxy', RemoteDisconnected('Remote end closed connection without response')))

During handling of the above exception, another exception occurred:

Traceback (most recent call last):
  File "C:\Users\Dimondrol\Desktop\bot\bot.py", line 45, in on_callback
    handlers.send_main(call.message.chat.id, bot)
  File "C:\Users\Dimondrol\Desktop\bot\handlers.py", line 18, in send_main
    msg = bot.send_message(chat_id, "Главное меню:", reply_markup=build_main_menu())
          ^^^^^^^^^^^^^^^^^^^^^^^^^^^^^^^^^^^^^^^^^^^^^^^^^^^^^^^^^^^^^^^^^^^^^^^^^^
  File "C:\Users\Dimondrol\Desktop\bot\venv\Lib\site-packages\telebot\__init__.py", line 1811, in send_message
    apihelper.send_message(
  File "C:\Users\Dimondrol\Desktop\bot\venv\Lib\site-packages\telebot\apihelper.py", line 282, in send_message
    return _make_request(token, method_url, params=payload, method='post')
           ^^^^^^^^^^^^^^^^^^^^^^^^^^^^^^^^^^^^^^^^^^^^^^^^^^^^^^^^^^^^^^^
  File "C:\Users\Dimondrol\Desktop\bot\venv\Lib\site-packages\telebot\apihelper.py", line 162, in _make_request
    result = _get_req_session().request(
             ^^^^^^^^^^^^^^^^^^^^^^^^^^^
  File "C:\Users\Dimondrol\Desktop\bot\venv\Lib\site-packages\requests\sessions.py", line 589, in request
    resp = self.send(prep, **send_kwargs)
           ^^^^^^^^^^^^^^^^^^^^^^^^^^^^^^
  File "C:\Users\Dimondrol\Desktop\bot\venv\Lib\site-packages\requests\sessions.py", line 703, in send
    r = adapter.send(request, **kwargs)
        ^^^^^^^^^^^^^^^^^^^^^^^^^^^^^^^
  File "C:\Users\Dimondrol\Desktop\bot\venv\Lib\site-packages\requests\adapters.py", line 671, in send
    raise ProxyError(e, request=request)
requests.exceptions.ProxyError: HTTPSConnectionPool(host='api.telegram.org', port=443): Max retries exceeded with url: /bot8154142653:AAH4c34ft-eAat6mln-uL2I7fye9itS79vE/sendMessage?chat_id=1374615669&text=%D0%93%D0%BB%D0%B0%D0%B2%D0%BD%D0%BE%D0%B5+%D0%BC%D0%B5%D0%BD%D1%8E%3A&reply_markup=%7B%22inline_keyboard%22%3A+%5B%5B%7B%22text%22%3A+%22%5Cud83d%5Cudcc2+%5Cu0410%5Cu0440%5Cu0445%5Cu0438%5Cu0432+%5Cu0441%5Cu0435%5Cu0440%5Cu0438%5Cu0430%5Cu043b%5Cu043e%5Cu0432%22%2C+%22callback_data%22%3A+%22list_series%3A0%22%7D%5D%2C+%5B%7B%22text%22%3A+%22%5Cu2795+%5Cu0414%5Cu043e%5Cu0431%5Cu0430%5Cu0432%5Cu0438%5Cu0442%5Cu044c+%28%5Cu0430%5Cu0434%5Cu043c%5Cu0438%5Cu043d%29%22%2C+%22callback_data%22%3A+%22add_menu%22%7D%2C+%7B%22text%22%3A+%22%5Cu270f%5Cufe0f+%5Cu0420%5Cu0435%5Cu0434%5Cu0430%5Cu043a%5Cu0442%5Cu0438%5Cu0440%5Cu043e%5Cu0432%5Cu0430%5Cu0442%5Cu044c+%28%5Cu0430%5Cu0434%5Cu043c%5Cu0438%5Cu043d%29%22%2C+%22callback_data%22%3A+%22edit_menu%22%7D%5D%5D%7D&parse_mode=HTML (Caused by ProxyError('Unable to connect to proxy', RemoteDisconnected('Remote end closed connection without response')))
2025-12-06 23:09:08,643 ERROR Error in /start
Traceback (most recent call last):
  File "C:\Users\Dimondrol\Desktop\bot\venv\Lib\site-packages\urllib3\connectionpool.py", line 787, in urlopen
    response = self._make_request(
               ^^^^^^^^^^^^^^^^^^^
  File "C:\Users\Dimondrol\Desktop\bot\venv\Lib\site-packages\urllib3\connectionpool.py", line 534, in _make_request
    response = conn.getresponse()
               ^^^^^^^^^^^^^^^^^^
  File "C:\Users\Dimondrol\Desktop\bot\venv\Lib\site-packages\urllib3\connection.py", line 571, in getresponse
    httplib_response = super().getresponse()
                       ^^^^^^^^^^^^^^^^^^^^^
  File "C:\Users\Dimondrol\AppData\Local\Programs\Python\Python312\Lib\http\client.py", line 1428, in getresponse
    response.begin()
  File "C:\Users\Dimondrol\AppData\Local\Programs\Python\Python312\Lib\http\client.py", line 331, in begin
    version, status, reason = self._read_status()
                              ^^^^^^^^^^^^^^^^^^^
  File "C:\Users\Dimondrol\AppData\Local\Programs\Python\Python312\Lib\http\client.py", line 300, in _read_status
    raise RemoteDisconnected("Remote end closed connection without"
http.client.RemoteDisconnected: Remote end closed connection without response

The above exception was the direct cause of the following exception:

urllib3.exceptions.ProxyError: ('Unable to connect to proxy', RemoteDisconnected('Remote end closed connection without response'))

The above exception was the direct cause of the following exception:

Traceback (most recent call last):
  File "C:\Users\Dimondrol\Desktop\bot\venv\Lib\site-packages\requests\adapters.py", line 644, in send
    resp = conn.urlopen(
           ^^^^^^^^^^^^^
  File "C:\Users\Dimondrol\Desktop\bot\venv\Lib\site-packages\urllib3\connectionpool.py", line 841, in urlopen
    retries = retries.increment(
              ^^^^^^^^^^^^^^^^^^
  File "C:\Users\Dimondrol\Desktop\bot\venv\Lib\site-packages\urllib3\util\retry.py", line 519, in increment
    raise MaxRetryError(_pool, url, reason) from reason  # type: ignore[arg-type]
    ^^^^^^^^^^^^^^^^^^^^^^^^^^^^^^^^^^^^^^^^^^^^^^^^^^^
urllib3.exceptions.MaxRetryError: HTTPSConnectionPool(host='api.telegram.org', port=443): Max retries exceeded with url: /bot8154142653:AAH4c34ft-eAat6mln-uL2I7fye9itS79vE/sendMessage?chat_id=1374615669&text=%D0%93%D0%BB%D0%B0%D0%B2%D0%BD%D0%BE%D0%B5+%D0%BC%D0%B5%D0%BD%D1%8E%3A&reply_markup=%7B%22inline_keyboard%22%3A+%5B%5B%7B%22text%22%3A+%22%5Cud83d%5Cudcc2+%5Cu0410%5Cu0440%5Cu0445%5Cu0438%5Cu0432+%5Cu0441%5Cu0435%5Cu0440%5Cu0438%5Cu0430%5Cu043b%5Cu043e%5Cu0432%22%2C+%22callback_data%22%3A+%22list_series%3A0%22%7D%5D%2C+%5B%7B%22text%22%3A+%22%5Cu2795+%5Cu0414%5Cu043e%5Cu0431%5Cu0430%5Cu0432%5Cu0438%5Cu0442%5Cu044c+%28%5Cu0430%5Cu0434%5Cu043c%5Cu0438%5Cu043d%29%22%2C+%22callback_data%22%3A+%22add_menu%22%7D%2C+%7B%22text%22%3A+%22%5Cu270f%5Cufe0f+%5Cu0420%5Cu0435%5Cu0434%5Cu0430%5Cu043a%5Cu0442%5Cu0438%5Cu0440%5Cu043e%5Cu0432%5Cu0430%5Cu0442%5Cu044c+%28%5Cu0430%5Cu0434%5Cu043c%5Cu0438%5Cu043d%29%22%2C+%22callback_data%22%3A+%22edit_menu%22%7D%5D%5D%7D&parse_mode=HTML (Caused by ProxyError('Unable to connect to proxy', RemoteDisconnected('Remote end closed connection without response')))

During handling of the above exception, another exception occurred:

Traceback (most recent call last):
  File "C:\Users\Dimondrol\Desktop\bot\bot.py", line 28, in on_start
    handlers.handle_start(message, bot)
  File "C:\Users\Dimondrol\Desktop\bot\handlers.py", line 22, in handle_start
    send_main(message.chat.id, bot)
  File "C:\Users\Dimondrol\Desktop\bot\handlers.py", line 18, in send_main
    msg = bot.send_message(chat_id, "Главное меню:", reply_markup=build_main_menu())
          ^^^^^^^^^^^^^^^^^^^^^^^^^^^^^^^^^^^^^^^^^^^^^^^^^^^^^^^^^^^^^^^^^^^^^^^^^^
  File "C:\Users\Dimondrol\Desktop\bot\venv\Lib\site-packages\telebot\__init__.py", line 1811, in send_message
    apihelper.send_message(
  File "C:\Users\Dimondrol\Desktop\bot\venv\Lib\site-packages\telebot\apihelper.py", line 282, in send_message
    return _make_request(token, method_url, params=payload, method='post')
           ^^^^^^^^^^^^^^^^^^^^^^^^^^^^^^^^^^^^^^^^^^^^^^^^^^^^^^^^^^^^^^^
  File "C:\Users\Dimondrol\Desktop\bot\venv\Lib\site-packages\telebot\apihelper.py", line 162, in _make_request
    result = _get_req_session().request(
             ^^^^^^^^^^^^^^^^^^^^^^^^^^^
  File "C:\Users\Dimondrol\Desktop\bot\venv\Lib\site-packages\requests\sessions.py", line 589, in request
    resp = self.send(prep, **send_kwargs)
           ^^^^^^^^^^^^^^^^^^^^^^^^^^^^^^
  File "C:\Users\Dimondrol\Desktop\bot\venv\Lib\site-packages\requests\sessions.py", line 703, in send
    r = adapter.send(request, **kwargs)
        ^^^^^^^^^^^^^^^^^^^^^^^^^^^^^^^
  File "C:\Users\Dimondrol\Desktop\bot\venv\Lib\site-packages\requests\adapters.py", line 671, in send
    raise ProxyError(e, request=request)
requests.exceptions.ProxyError: HTTPSConnectionPool(host='api.telegram.org', port=443): Max retries exceeded with url: /bot8154142653:AAH4c34ft-eAat6mln-uL2I7fye9itS79vE/sendMessage?chat_id=1374615669&text=%D0%93%D0%BB%D0%B0%D0%B2%D0%BD%D0%BE%D0%B5+%D0%BC%D0%B5%D0%BD%D1%8E%3A&reply_markup=%7B%22inline_keyboard%22%3A+%5B%5B%7B%22text%22%3A+%22%5Cud83d%5Cudcc2+%5Cu0410%5Cu0440%5Cu0445%5Cu0438%5Cu0432+%5Cu0441%5Cu0435%5Cu0440%5Cu0438%5Cu0430%5Cu043b%5Cu043e%5Cu0432%22%2C+%22callback_data%22%3A+%22list_series%3A0%22%7D%5D%2C+%5B%7B%22text%22%3A+%22%5Cu2795+%5Cu0414%5Cu043e%5Cu0431%5Cu0430%5Cu0432%5Cu0438%5Cu0442%5Cu044c+%28%5Cu0430%5Cu0434%5Cu043c%5Cu0438%5Cu043d%29%22%2C+%22callback_data%22%3A+%22add_menu%22%7D%2C+%7B%22text%22%3A+%22%5Cu270f%5Cufe0f+%5Cu0420%5Cu0435%5Cu0434%5Cu0430%5Cu043a%5Cu0442%5Cu0438%5Cu0440%5Cu043e%5Cu0432%5Cu0430%5Cu0442%5Cu044c+%28%5Cu0430%5Cu0434%5Cu043c%5Cu0438%5Cu043d%29%22%2C+%22callback_data%22%3A+%22edit_menu%22%7D%5D%5D%7D&parse_mode=HTML (Caused by ProxyError('Unable to connect to proxy', RemoteDisconnected('Remote end closed connection without response')))
2025-12-07 09:54:09,454 ERROR Error in callback handling
Traceback (most recent call last):
  File "C:\Users\Dimondrol\Desktop\bot\BECAP\bot.py", line 85, in on_callback
    handlers.callback_delete_series(call, bot, sid)
  File "C:\Users\Dimondrol\Desktop\bot\BECAP\handlers.py", line 369, in callback_delete_series
    handlers.callback_edit_menu(call, bot)  # refresh list
    ^^^^^^^^
NameError: name 'handlers' is not defined
2025-12-07 11:49:35,302 ERROR Error in callback handling
Traceback (most recent call last):
  File "C:\Users\Dimondrol\Desktop\bot\venv\Lib\site-packages\urllib3\connectionpool.py", line 787, in urlopen
    response = self._make_request(
               ^^^^^^^^^^^^^^^^^^^
  File "C:\Users\Dimondrol\Desktop\bot\venv\Lib\site-packages\urllib3\connectionpool.py", line 534, in _make_request
    response = conn.getresponse()
               ^^^^^^^^^^^^^^^^^^
  File "C:\Users\Dimondrol\Desktop\bot\venv\Lib\site-packages\urllib3\connection.py", line 571, in getresponse
    httplib_response = super().getresponse()
                       ^^^^^^^^^^^^^^^^^^^^^
  File "C:\Users\Dimondrol\AppData\Local\Programs\Python\Python312\Lib\http\client.py", line 1428, in getresponse
    response.begin()
  File "C:\Users\Dimondrol\AppData\Local\Programs\Python\Python312\Lib\http\client.py", line 331, in begin
    version, status, reason = self._read_status()
                              ^^^^^^^^^^^^^^^^^^^
  File "C:\Users\Dimondrol\AppData\Local\Programs\Python\Python312\Lib\http\client.py", line 300, in _read_status
    raise RemoteDisconnected("Remote end closed connection without"
http.client.RemoteDisconnected: Remote end closed connection without response

The above exception was the direct cause of the following exception:

urllib3.exceptions.ProxyError: ('Unable to connect to proxy', RemoteDisconnected('Remote end closed connection without response'))

The above exception was the direct cause of the following exception:

Traceback (most recent call last):
  File "C:\Users\Dimondrol\Desktop\bot\venv\Lib\site-packages\requests\adapters.py", line 644, in send
    resp = conn.urlopen(
           ^^^^^^^^^^^^^
  File "C:\Users\Dimondrol\Desktop\bot\venv\Lib\site-packages\urllib3\connectionpool.py", line 841, in urlopen
    retries = retries.increment(
              ^^^^^^^^^^^^^^^^^^
  File "C:\Users\Dimondrol\Desktop\bot\venv\Lib\site-packages\urllib3\util\retry.py", line 519, in increment
    raise MaxRetryError(_pool, url, reason) from reason  # type: ignore[arg-type]
    ^^^^^^^^^^^^^^^^^^^^^^^^^^^^^^^^^^^^^^^^^^^^^^^^^^^
urllib3.exceptions.MaxRetryError: HTTPSConnectionPool(host='api.telegram.org', port=443): Max retries exceeded with url: /bot8154142653:AAH4c34ft-eAat6mln-uL2I7fye9itS79vE/editMessageText?text=%D0%A1%D0%BF%D0%B8%D1%81%D0%BE%D0%BA+%D1%81%D0%B5%D1%80%D0%B8%D0%B0%D0%BB%D0%BE%D0%B2%3A&chat_id=1374615669&message_id=452&parse_mode=HTML&reply_markup=%7B%22inline_keyboard%22%3A+%5B%5B%7B%22text%22%3A+%22%5Cu0420%5Cu0438%5Cu043a+%5Cu0438+%5Cu041c%5Cu043e%5Cu0440%5Cu0442%5Cu0438%22%2C+%22callback_data%22%3A+%22series%3A1%22%7D%5D%2C+%5B%7B%22text%22%3A+%22%5Cud83d%5Cudd19+%5Cu041c%5Cu0435%5Cu043d%5Cu044e%22%2C+%22callback_data%22%3A+%22main_menu%22%7D%5D%5D%7D (Caused by ProxyError('Unable to connect to proxy', RemoteDisconnected('Remote end closed connection without response')))

During handling of the above exception, another exception occurred:

Traceback (most recent call last):
  File "C:\Users\Dimondrol\Desktop\bot\bot.py", line 51, in on_callback
    handlers.callback_list_series(call, bot, page)
  File "C:\Users\Dimondrol\Desktop\bot\handlers.py", line 55, in callback_list_series
    bot.edit_message_text("Список сериалов:", chat_id, call.message.message_id, reply_markup=markup)
  File "C:\Users\Dimondrol\Desktop\bot\venv\Lib\site-packages\telebot\__init__.py", line 5349, in edit_message_text
    result = apihelper.edit_message_text(
             ^^^^^^^^^^^^^^^^^^^^^^^^^^^^
  File "C:\Users\Dimondrol\Desktop\bot\venv\Lib\site-packages\telebot\apihelper.py", line 1627, in edit_message_text
    return _make_request(token, method_url, params=payload, method='post')
           ^^^^^^^^^^^^^^^^^^^^^^^^^^^^^^^^^^^^^^^^^^^^^^^^^^^^^^^^^^^^^^^
  File "C:\Users\Dimondrol\Desktop\bot\venv\Lib\site-packages\telebot\apihelper.py", line 162, in _make_request
    result = _get_req_session().request(
             ^^^^^^^^^^^^^^^^^^^^^^^^^^^
  File "C:\Users\Dimondrol\Desktop\bot\venv\Lib\site-packages\requests\sessions.py", line 589, in request
    resp = self.send(prep, **send_kwargs)
           ^^^^^^^^^^^^^^^^^^^^^^^^^^^^^^
  File "C:\Users\Dimondrol\Desktop\bot\venv\Lib\site-packages\requests\sessions.py", line 703, in send
    r = adapter.send(request, **kwargs)
        ^^^^^^^^^^^^^^^^^^^^^^^^^^^^^^^
  File "C:\Users\Dimondrol\Desktop\bot\venv\Lib\site-packages\requests\adapters.py", line 671, in send
    raise ProxyError(e, request=request)
requests.exceptions.ProxyError: HTTPSConnectionPool(host='api.telegram.org', port=443): Max retries exceeded with url: /bot8154142653:AAH4c34ft-eAat6mln-uL2I7fye9itS79vE/editMessageText?text=%D0%A1%D0%BF%D0%B8%D1%81%D0%BE%D0%BA+%D1%81%D0%B5%D1%80%D0%B8%D0%B0%D0%BB%D0%BE%D0%B2%3A&chat_id=1374615669&message_id=452&parse_mode=HTML&reply_markup=%7B%22inline_keyboard%22%3A+%5B%5B%7B%22text%22%3A+%22%5Cu0420%5Cu0438%5Cu043a+%5Cu0438+%5Cu041c%5Cu043e%5Cu0440%5Cu0442%5Cu0438%22%2C+%22callback_data%22%3A+%22series%3A1%22%7D%5D%2C+%5B%7B%22text%22%3A+%22%5Cud83d%5Cudd19+%5Cu041c%5Cu0435%5Cu043d%5Cu044e%22%2C+%22callback_data%22%3A+%22main_menu%22%7D%5D%5D%7D (Caused by ProxyError('Unable to connect to proxy', RemoteDisconnected('Remote end closed connection without response')))
2025-12-07 12:16:17,425 ERROR Error in callback handling
Traceback (most recent call last):
  File "C:\Users\Dimondrol\Desktop\bot\venv\Lib\site-packages\urllib3\connectionpool.py", line 787, in urlopen
    response = self._make_request(
               ^^^^^^^^^^^^^^^^^^^
  File "C:\Users\Dimondrol\Desktop\bot\venv\Lib\site-packages\urllib3\connectionpool.py", line 534, in _make_request
    response = conn.getresponse()
               ^^^^^^^^^^^^^^^^^^
  File "C:\Users\Dimondrol\Desktop\bot\venv\Lib\site-packages\urllib3\connection.py", line 571, in getresponse
    httplib_response = super().getresponse()
                       ^^^^^^^^^^^^^^^^^^^^^
  File "C:\Users\Dimondrol\AppData\Local\Programs\Python\Python312\Lib\http\client.py", line 1428, in getresponse
    response.begin()
  File "C:\Users\Dimondrol\AppData\Local\Programs\Python\Python312\Lib\http\client.py", line 331, in begin
    version, status, reason = self._read_status()
                              ^^^^^^^^^^^^^^^^^^^
  File "C:\Users\Dimondrol\AppData\Local\Programs\Python\Python312\Lib\http\client.py", line 300, in _read_status
    raise RemoteDisconnected("Remote end closed connection without"
http.client.RemoteDisconnected: Remote end closed connection without response

The above exception was the direct cause of the following exception:

urllib3.exceptions.ProxyError: ('Unable to connect to proxy', RemoteDisconnected('Remote end closed connection without response'))

The above exception was the direct cause of the following exception:

Traceback (most recent call last):
  File "C:\Users\Dimondrol\Desktop\bot\venv\Lib\site-packages\requests\adapters.py", line 644, in send
    resp = conn.urlopen(
           ^^^^^^^^^^^^^
  File "C:\Users\Dimondrol\Desktop\bot\venv\Lib\site-packages\urllib3\connectionpool.py", line 841, in urlopen
    retries = retries.increment(
              ^^^^^^^^^^^^^^^^^^
  File "C:\Users\Dimondrol\Desktop\bot\venv\Lib\site-packages\urllib3\util\retry.py", line 519, in increment
    raise MaxRetryError(_pool, url, reason) from reason  # type: ignore[arg-type]
    ^^^^^^^^^^^^^^^^^^^^^^^^^^^^^^^^^^^^^^^^^^^^^^^^^^^
urllib3.exceptions.MaxRetryError: HTTPSConnectionPool(host='api.telegram.org', port=443): Max retries exceeded with url: /bot8154142653:AAH4c34ft-eAat6mln-uL2I7fye9itS79vE/editMessageText?text=%D0%A1%D0%BF%D0%B8%D1%81%D0%BE%D0%BA+%D1%81%D0%B5%D1%80%D0%B8%D0%B0%D0%BB%D0%BE%D0%B2%3A&chat_id=1374615669&message_id=508&parse_mode=HTML&reply_markup=%7B%22inline_keyboard%22%3A+%5B%5B%7B%22text%22%3A+%22%5Cu0420%5Cu0438%5Cu043a+%5Cu0438+%5Cu041c%5Cu043e%5Cu0440%5Cu0442%5Cu0438%22%2C+%22callback_data%22%3A+%22series%3A1%22%7D%5D%2C+%5B%7B%22text%22%3A+%22%5Cud83d%5Cudd19+%5Cu041c%5Cu0435%5Cu043d%5Cu044e%22%2C+%22callback_data%22%3A+%22main_menu%22%7D%5D%5D%7D (Caused by ProxyError('Unable to connect to proxy', RemoteDisconnected('Remote end closed connection without response')))

During handling of the above exception, another exception occurred:

Traceback (most recent call last):
  File "C:\Users\Dimondrol\Desktop\bot\bot.py", line 51, in on_callback
    handlers.callback_list_series(call, bot, page)
  File "C:\Users\Dimondrol\Desktop\bot\handlers.py", line 55, in callback_list_series
    bot.edit_message_text("Список сериалов:", chat_id, call.message.message_id, reply_markup=markup)
  File "C:\Users\Dimondrol\Desktop\bot\venv\Lib\site-packages\telebot\__init__.py", line 5349, in edit_message_text
    result = apihelper.edit_message_text(
             ^^^^^^^^^^^^^^^^^^^^^^^^^^^^
  File "C:\Users\Dimondrol\Desktop\bot\venv\Lib\site-packages\telebot\apihelper.py", line 1627, in edit_message_text
    return _make_request(token, method_url, params=payload, method='post')
           ^^^^^^^^^^^^^^^^^^^^^^^^^^^^^^^^^^^^^^^^^^^^^^^^^^^^^^^^^^^^^^^
  File "C:\Users\Dimondrol\Desktop\bot\venv\Lib\site-packages\telebot\apihelper.py", line 162, in _make_request
    result = _get_req_session().request(
             ^^^^^^^^^^^^^^^^^^^^^^^^^^^
  File "C:\Users\Dimondrol\Desktop\bot\venv\Lib\site-packages\requests\sessions.py", line 589, in request
    resp = self.send(prep, **send_kwargs)
           ^^^^^^^^^^^^^^^^^^^^^^^^^^^^^^
  File "C:\Users\Dimondrol\Desktop\bot\venv\Lib\site-packages\requests\sessions.py", line 703, in send
    r = adapter.send(request, **kwargs)
        ^^^^^^^^^^^^^^^^^^^^^^^^^^^^^^^
  File "C:\Users\Dimondrol\Desktop\bot\venv\Lib\site-packages\requests\adapters.py", line 671, in send
    raise ProxyError(e, request=request)
requests.exceptions.ProxyError: HTTPSConnectionPool(host='api.telegram.org', port=443): Max retries exceeded with url: /bot8154142653:AAH4c34ft-eAat6mln-uL2I7fye9itS79vE/editMessageText?text=%D0%A1%D0%BF%D0%B8%D1%81%D0%BE%D0%BA+%D1%81%D0%B5%D1%80%D0%B8%D0%B0%D0%BB%D0%BE%D0%B2%3A&chat_id=1374615669&message_id=508&parse_mode=HTML&reply_markup=%7B%22inline_keyboard%22%3A+%5B%5B%7B%22text%22%3A+%22%5Cu0420%5Cu0438%5Cu043a+%5Cu0438+%5Cu041c%5Cu043e%5Cu0440%5Cu0442%5Cu0438%22%2C+%22callback_data%22%3A+%22series%3A1%22%7D%5D%2C+%5B%7B%22text%22%3A+%22%5Cud83d%5Cudd19+%5Cu041c%5Cu0435%5Cu043d%5Cu044e%22%2C+%22callback_data%22%3A+%22main_menu%22%7D%5D%5D%7D (Caused by ProxyError('Unable to connect to proxy', RemoteDisconnected('Remote end closed connection without response')))
2025-12-07 12:40:45,452 ERROR Error in callback handling
Traceback (most recent call last):
  File "C:\Users\Dimondrol\Desktop\bot\venv\Lib\site-packages\urllib3\connectionpool.py", line 787, in urlopen
    response = self._make_request(
               ^^^^^^^^^^^^^^^^^^^
  File "C:\Users\Dimondrol\Desktop\bot\venv\Lib\site-packages\urllib3\connectionpool.py", line 534, in _make_request
    response = conn.getresponse()
               ^^^^^^^^^^^^^^^^^^
  File "C:\Users\Dimondrol\Desktop\bot\venv\Lib\site-packages\urllib3\connection.py", line 571, in getresponse
    httplib_response = super().getresponse()
                       ^^^^^^^^^^^^^^^^^^^^^
  File "C:\Users\Dimondrol\AppData\Local\Programs\Python\Python312\Lib\http\client.py", line 1428, in getresponse
    response.begin()
  File "C:\Users\Dimondrol\AppData\Local\Programs\Python\Python312\Lib\http\client.py", line 331, in begin
    version, status, reason = self._read_status()
                              ^^^^^^^^^^^^^^^^^^^
  File "C:\Users\Dimondrol\AppData\Local\Programs\Python\Python312\Lib\http\client.py", line 300, in _read_status
    raise RemoteDisconnected("Remote end closed connection without"
http.client.RemoteDisconnected: Remote end closed connection without response

The above exception was the direct cause of the following exception:

urllib3.exceptions.ProxyError: ('Unable to connect to proxy', RemoteDisconnected('Remote end closed connection without response'))

The above exception was the direct cause of the following exception:

Traceback (most recent call last):
  File "C:\Users\Dimondrol\Desktop\bot\venv\Lib\site-packages\requests\adapters.py", line 644, in send
    resp = conn.urlopen(
           ^^^^^^^^^^^^^
  File "C:\Users\Dimondrol\Desktop\bot\venv\Lib\site-packages\urllib3\connectionpool.py", line 841, in urlopen
    retries = retries.increment(
              ^^^^^^^^^^^^^^^^^^
  File "C:\Users\Dimondrol\Desktop\bot\venv\Lib\site-packages\urllib3\util\retry.py", line 519, in increment
    raise MaxRetryError(_pool, url, reason) from reason  # type: ignore[arg-type]
    ^^^^^^^^^^^^^^^^^^^^^^^^^^^^^^^^^^^^^^^^^^^^^^^^^^^
urllib3.exceptions.MaxRetryError: HTTPSConnectionPool(host='api.telegram.org', port=443): Max retries exceeded with url: /bot8154142653:AAH4c34ft-eAat6mln-uL2I7fye9itS79vE/editMessageText?text=%D0%A1%D0%BF%D0%B8%D1%81%D0%BE%D0%BA+%D1%81%D0%B5%D1%80%D0%B8%D0%B0%D0%BB%D0%BE%D0%B2%3A&chat_id=1374615669&message_id=524&parse_mode=HTML&reply_markup=%7B%22inline_keyboard%22%3A+%5B%5B%7B%22text%22%3A+%22%5Cu0420%5Cu0438%5Cu043a+%5Cu0438+%5Cu041c%5Cu043e%5Cu0440%5Cu0442%5Cu0438%22%2C+%22callback_data%22%3A+%22series%3A1%22%7D%5D%2C+%5B%7B%22text%22%3A+%22%5Cud83d%5Cudd19+%5Cu041c%5Cu0435%5Cu043d%5Cu044e%22%2C+%22callback_data%22%3A+%22main_menu%22%7D%5D%5D%7D (Caused by ProxyError('Unable to connect to proxy', RemoteDisconnected('Remote end closed connection without response')))

During handling of the above exception, another exception occurred:

Traceback (most recent call last):
  File "C:\Users\Dimondrol\Desktop\bot\bot.py", line 51, in on_callback
    handlers.callback_list_series(call, bot, page)
  File "C:\Users\Dimondrol\Desktop\bot\handlers.py", line 55, in callback_list_series
    bot.edit_message_text("Список сериалов:", chat_id, call.message.message_id, reply_markup=markup)
  File "C:\Users\Dimondrol\Desktop\bot\venv\Lib\site-packages\telebot\__init__.py", line 5349, in edit_message_text
    result = apihelper.edit_message_text(
             ^^^^^^^^^^^^^^^^^^^^^^^^^^^^
  File "C:\Users\Dimondrol\Desktop\bot\venv\Lib\site-packages\telebot\apihelper.py", line 1627, in edit_message_text
    return _make_request(token, method_url, params=payload, method='post')
           ^^^^^^^^^^^^^^^^^^^^^^^^^^^^^^^^^^^^^^^^^^^^^^^^^^^^^^^^^^^^^^^
  File "C:\Users\Dimondrol\Desktop\bot\venv\Lib\site-packages\telebot\apihelper.py", line 162, in _make_request
    result = _get_req_session().request(
             ^^^^^^^^^^^^^^^^^^^^^^^^^^^
  File "C:\Users\Dimondrol\Desktop\bot\venv\Lib\site-packages\requests\sessions.py", line 589, in request
    resp = self.send(prep, **send_kwargs)
           ^^^^^^^^^^^^^^^^^^^^^^^^^^^^^^
  File "C:\Users\Dimondrol\Desktop\bot\venv\Lib\site-packages\requests\sessions.py", line 703, in send
    r = adapter.send(request, **kwargs)
        ^^^^^^^^^^^^^^^^^^^^^^^^^^^^^^^
  File "C:\Users\Dimondrol\Desktop\bot\venv\Lib\site-packages\requests\adapters.py", line 671, in send
    raise ProxyError(e, request=request)
requests.exceptions.ProxyError: HTTPSConnectionPool(host='api.telegram.org', port=443): Max retries exceeded with url: /bot8154142653:AAH4c34ft-eAat6mln-uL2I7fye9itS79vE/editMessageText?text=%D0%A1%D0%BF%D0%B8%D1%81%D0%BE%D0%BA+%D1%81%D0%B5%D1%80%D0%B8%D0%B0%D0%BB%D0%BE%D0%B2%3A&chat_id=1374615669&message_id=524&parse_mode=HTML&reply_markup=%7B%22inline_keyboard%22%3A+%5B%5B%7B%22text%22%3A+%22%5Cu0420%5Cu0438%5Cu043a+%5Cu0438+%5Cu041c%5Cu043e%5Cu0440%5Cu0442%5Cu0438%22%2C+%22callback_data%22%3A+%22series%3A1%22%7D%5D%2C+%5B%7B%22text%22%3A+%22%5Cud83d%5Cudd19+%5Cu041c%5Cu0435%5Cu043d%5Cu044e%22%2C+%22callback_data%22%3A+%22main_menu%22%7D%5D%5D%7D (Caused by ProxyError('Unable to connect to proxy', RemoteDisconnected('Remote end closed connection without response')))
2025-12-07 12:44:50,162 ERROR Error in callback handling
Traceback (most recent call last):
  File "C:\Users\Dimondrol\Desktop\bot\venv\Lib\site-packages\urllib3\connectionpool.py", line 787, in urlopen
    response = self._make_request(
               ^^^^^^^^^^^^^^^^^^^
  File "C:\Users\Dimondrol\Desktop\bot\venv\Lib\site-packages\urllib3\connectionpool.py", line 534, in _make_request
    response = conn.getresponse()
               ^^^^^^^^^^^^^^^^^^
  File "C:\Users\Dimondrol\Desktop\bot\venv\Lib\site-packages\urllib3\connection.py", line 571, in getresponse
    httplib_response = super().getresponse()
                       ^^^^^^^^^^^^^^^^^^^^^
  File "C:\Users\Dimondrol\AppData\Local\Programs\Python\Python312\Lib\http\client.py", line 1428, in getresponse
    response.begin()
  File "C:\Users\Dimondrol\AppData\Local\Programs\Python\Python312\Lib\http\client.py", line 331, in begin
    version, status, reason = self._read_status()
                              ^^^^^^^^^^^^^^^^^^^
  File "C:\Users\Dimondrol\AppData\Local\Programs\Python\Python312\Lib\http\client.py", line 300, in _read_status
    raise RemoteDisconnected("Remote end closed connection without"
http.client.RemoteDisconnected: Remote end closed connection without response

The above exception was the direct cause of the following exception:

urllib3.exceptions.ProxyError: ('Unable to connect to proxy', RemoteDisconnected('Remote end closed connection without response'))

The above exception was the direct cause of the following exception:

Traceback (most recent call last):
  File "C:\Users\Dimondrol\Desktop\bot\venv\Lib\site-packages\requests\adapters.py", line 644, in send
    resp = conn.urlopen(
           ^^^^^^^^^^^^^
  File "C:\Users\Dimondrol\Desktop\bot\venv\Lib\site-packages\urllib3\connectionpool.py", line 841, in urlopen
    retries = retries.increment(
              ^^^^^^^^^^^^^^^^^^
  File "C:\Users\Dimondrol\Desktop\bot\venv\Lib\site-packages\urllib3\util\retry.py", line 519, in increment
    raise MaxRetryError(_pool, url, reason) from reason  # type: ignore[arg-type]
    ^^^^^^^^^^^^^^^^^^^^^^^^^^^^^^^^^^^^^^^^^^^^^^^^^^^
urllib3.exceptions.MaxRetryError: HTTPSConnectionPool(host='api.telegram.org', port=443): Max retries exceeded with url: /bot8154142653:AAH4c34ft-eAat6mln-uL2I7fye9itS79vE/editMessageText?text=%D0%92%D1%8B%D0%B1%D0%B5%D1%80%D0%B8%D1%82%D0%B5+%D1%8D%D0%BF%D0%B8%D0%B7%D0%BE%D0%B4%3A&chat_id=1374615669&message_id=535&parse_mode=HTML&reply_markup=%7B%22inline_keyboard%22%3A+%5B%5B%7B%22text%22%3A+%22%5Cu0421%5Cu0435%5Cu0440%5Cu0438%5Cu044f+1+-+%5Cu0420%5Cu0438%5Cu043a%5Cu0431%5Cu0435%5Cu0433+%5Cu0438%5Cu0437+%5Cu0420%5Cu0438%5Cu043a%5Cu0448%5Cu0435%5Cu043d%5Cu043a%5Cu0430%22%2C+%22callback_data%22%3A+%22episode%3A22%22%7D%5D%2C+%5B%7B%22text%22%3A+%22%5Cu0421%5Cu0435%5Cu0440%5Cu0438%5Cu044f+2+-+%5Cu0420%5Cu0438%5Cu043a%5Cu043c%5Cu0430%5Cu043d+%5Cu0441+%5Cu043a%5Cu0430%5Cu043c%5Cu043d%5Cu0435%5Cu043c%22%2C+%22callback_data%22%3A+%22episode%3A23%22%7D%5D%2C+%5B%7B%22text%22%3A+%22%5Cu0421%5Cu0435%5Cu0440%5Cu0438%5Cu044f+3+-+%5Cu041c%5Cu0430%5Cu0440%5Cu0438%5Cu043d%5Cu043e%5Cu0432%5Cu0430%5Cu043d%5Cu043d%5Cu044b%5Cu0439+%5Cu0420%5Cu0438%5Cu043a%22%2C+%22callback_data%22%3A+%22episode%3A24%22%7D%5D%2C+%5B%7B%22text%22%3A+%22%5Cu0421%5Cu0435%5Cu0440%5Cu0438%5Cu044f+4+-+%5Cu0412%5Cu0438%5Cu043d%5Cu0434%5Cu0438%5Cu043a%5Cu0430%5Cu0442%5Cu043e%5Cu0440%5Cu044b+3%3A+%5Cu0412%5Cu043e%5Cu0437%5Cu0432%5Cu0440%5Cu0430%5Cu0449%5Cu0435%5Cu043d%5Cu0438%5Cu0435+%5Cu043a%5Cu043e%5Cu043d%5Cu0446%5Cu0435%5Cu0441%5Cu0432%5Cu0435%5Cu0442%5Cu043d%5Cu0438%5Cu043a%5Cu0430%22%2C+%22callback_data%22%3A+%22episode%3A25%22%7D%5D%2C+%5B%7B%22text%22%3A+%22%5Cu0421%5Cu0435%5Cu0440%5Cu0438%5Cu044f+5+-+%5Cu041a%5Cu043e%5Cu043d%5Cu0441%5Cu043f%5Cu0438%5Cu0440%5Cu0430%5Cu0446%5Cu0438%5Cu044f%22%2C+%22callback_data%22%3A+%22episode%3A26%22%7D%5D%2C+%5B%7B%22text%22%3A+%22%5Cu0421%5Cu0435%5Cu0440%5Cu0438%5Cu044f+6+-+%5Cu041e%5Cu0442%5Cu0434%5Cu044b%5Cu0445+%5Cu0438+%5Cu0440%5Cu0438%5Cu043a%5Cu043b%5Cu0430%5Cu043a%5Cu0441%5Cu0430%5Cu0446%5Cu0438%5Cu044f%22%2C+%22callback_data%22%3A+%22episode%3A27%22%7D%5D%2C+%5B%7B%22text%22%3A+%22%5Cu0421%5Cu0435%5Cu0440%5Cu0438%5Cu044f+7+-+%5Cu0420%5Cu0438%5Cu043a%5Cu043b%5Cu0430%5Cu043d%5Cu0442%5Cu0438%5Cu0434%5Cu0438%5Cu0447%5Cu0435%5Cu0441%5Cu043a%5Cu0430%5Cu044f+%5Cu043f%5Cu0443%5Cu0442%5Cu0430%5Cu043d%5Cu0438%5Cu0446%5Cu0430%22%2C+%22callback_data%22%3A+%22episode%3A28%22%7D%5D%2C+%5B%7B%22text%22%3A+%22%5Cu0421%5Cu0435%5Cu0440%5Cu0438%5Cu044f+8+-+%5Cu041c%5Cu043e%5Cu0437%5Cu0433%5Cu043e%5Cu0432%5Cu044b%5Cu043d%5Cu043e%5Cu0441%5Cu044f%5Cu0448%5Cu043a%5Cu0438+%5Cu041c%5Cu043e%5Cu0440%5Cu0442%5Cu0438%22%2C+%22callback_data%22%3A+%22episode%3A29%22%7D%5D%2C+%5B%7B%22text%22%3A+%22%5Cu2795+%5Cu0414%5Cu043e%5Cu0431%5Cu0430%5Cu0432%5Cu0438%5Cu0442%5Cu044c+%5Cu044d%5Cu043f%5Cu0438%5Cu0437%5Cu043e%5Cu0434+%28%5Cu0430%5Cu0434%5Cu043c%5Cu0438%5Cu043d%29%22%2C+%22callback_data%22%3A+%22add_episode%3A3%22%7D%5D%2C+%5B%7B%22text%22%3A+%22%5Cud83d%5Cudd19+%5Cu041a+%5Cu0441%5Cu0435%5Cu0440%5Cu0438%5Cu0430%5Cu043b%5Cu0430%5Cu043c%22%2C+%22callback_data%22%3A+%22list_series%3A0%22%7D%2C+%7B%22text%22%3A+%22%5Cud83d%5Cudd19+%5Cu041c%5Cu0435%5Cu043d%5Cu044e%22%2C+%22callback_data%22%3A+%22main_menu%22%7D%5D%5D%7D (Caused by ProxyError('Unable to connect to proxy', RemoteDisconnected('Remote end closed connection without response')))

During handling of the above exception, another exception occurred:

Traceback (most recent call last):
  File "C:\Users\Dimondrol\Desktop\bot\bot.py", line 59, in on_callback
    handlers.callback_season(call, bot, season_id)
  File "C:\Users\Dimondrol\Desktop\bot\handlers.py", line 83, in callback_season
    bot.edit_message_text("Выберите эпизод:", chat_id, call.message.message_id, reply_markup=markup)
  File "C:\Users\Dimondrol\Desktop\bot\venv\Lib\site-packages\telebot\__init__.py", line 5349, in edit_message_text
    result = apihelper.edit_message_text(
             ^^^^^^^^^^^^^^^^^^^^^^^^^^^^
  File "C:\Users\Dimondrol\Desktop\bot\venv\Lib\site-packages\telebot\apihelper.py", line 1627, in edit_message_text
    return _make_request(token, method_url, params=payload, method='post')
           ^^^^^^^^^^^^^^^^^^^^^^^^^^^^^^^^^^^^^^^^^^^^^^^^^^^^^^^^^^^^^^^
  File "C:\Users\Dimondrol\Desktop\bot\venv\Lib\site-packages\telebot\apihelper.py", line 162, in _make_request
    result = _get_req_session().request(
             ^^^^^^^^^^^^^^^^^^^^^^^^^^^
  File "C:\Users\Dimondrol\Desktop\bot\venv\Lib\site-packages\requests\sessions.py", line 589, in request
    resp = self.send(prep, **send_kwargs)
           ^^^^^^^^^^^^^^^^^^^^^^^^^^^^^^
  File "C:\Users\Dimondrol\Desktop\bot\venv\Lib\site-packages\requests\sessions.py", line 703, in send
    r = adapter.send(request, **kwargs)
        ^^^^^^^^^^^^^^^^^^^^^^^^^^^^^^^
  File "C:\Users\Dimondrol\Desktop\bot\venv\Lib\site-packages\requests\adapters.py", line 671, in send
    raise ProxyError(e, request=request)
requests.exceptions.ProxyError: HTTPSConnectionPool(host='api.telegram.org', port=443): Max retries exceeded with url: /bot8154142653:AAH4c34ft-eAat6mln-uL2I7fye9itS79vE/editMessageText?text=%D0%92%D1%8B%D0%B1%D0%B5%D1%80%D0%B8%D1%82%D0%B5+%D1%8D%D0%BF%D0%B8%D0%B7%D0%BE%D0%B4%3A&chat_id=1374615669&message_id=535&parse_mode=HTML&reply_markup=%7B%22inline_keyboard%22%3A+%5B%5B%7B%22text%22%3A+%22%5Cu0421%5Cu0435%5Cu0440%5Cu0438%5Cu044f+1+-+%5Cu0420%5Cu0438%5Cu043a%5Cu0431%5Cu0435%5Cu0433+%5Cu0438%5Cu0437+%5Cu0420%5Cu0438%5Cu043a%5Cu0448%5Cu0435%5Cu043d%5Cu043a%5Cu0430%22%2C+%22callback_data%22%3A+%22episode%3A22%22%7D%5D%2C+%5B%7B%22text%22%3A+%22%5Cu0421%5Cu0435%5Cu0440%5Cu0438%5Cu044f+2+-+%5Cu0420%5Cu0438%5Cu043a%5Cu043c%5Cu0430%5Cu043d+%5Cu0441+%5Cu043a%5Cu0430%5Cu043c%5Cu043d%5Cu0435%5Cu043c%22%2C+%22callback_data%22%3A+%22episode%3A23%22%7D%5D%2C+%5B%7B%22text%22%3A+%22%5Cu0421%5Cu0435%5Cu0440%5Cu0438%5Cu044f+3+-+%5Cu041c%5Cu0430%5Cu0440%5Cu0438%5Cu043d%5Cu043e%5Cu0432%5Cu0430%5Cu043d%5Cu043d%5Cu044b%5Cu0439+%5Cu0420%5Cu0438%5Cu043a%22%2C+%22callback_data%22%3A+%22episode%3A24%22%7D%5D%2C+%5B%7B%22text%22%3A+%22%5Cu0421%5Cu0435%5Cu0440%5Cu0438%5Cu044f+4+-+%5Cu0412%5Cu0438%5Cu043d%5Cu0434%5Cu0438%5Cu043a%5Cu0430%5Cu0442%5Cu043e%5Cu0440%5Cu044b+3%3A+%5Cu0412%5Cu043e%5Cu0437%5Cu0432%5Cu0440%5Cu0430%5Cu0449%5Cu0435%5Cu043d%5Cu0438%5Cu0435+%5Cu043a%5Cu043e%5Cu043d%5Cu0446%5Cu0435%5Cu0441%5Cu0432%5Cu0435%5Cu0442%5Cu043d%5Cu0438%5Cu043a%5Cu0430%22%2C+%22callback_data%22%3A+%22episode%3A25%22%7D%5D%2C+%5B%7B%22text%22%3A+%22%5Cu0421%5Cu0435%5Cu0440%5Cu0438%5Cu044f+5+-+%5Cu041a%5Cu043e%5Cu043d%5Cu0441%5Cu043f%5Cu0438%5Cu0440%5Cu0430%5Cu0446%5Cu0438%5Cu044f%22%2C+%22callback_data%22%3A+%22episode%3A26%22%7D%5D%2C+%5B%7B%22text%22%3A+%22%5Cu0421%5Cu0435%5Cu0440%5Cu0438%5Cu044f+6+-+%5Cu041e%5Cu0442%5Cu0434%5Cu044b%5Cu0445+%5Cu0438+%5Cu0440%5Cu0438%5Cu043a%5Cu043b%5Cu0430%5Cu043a%5Cu0441%5Cu0430%5Cu0446%5Cu0438%5Cu044f%22%2C+%22callback_data%22%3A+%22episode%3A27%22%7D%5D%2C+%5B%7B%22text%22%3A+%22%5Cu0421%5Cu0435%5Cu0440%5Cu0438%5Cu044f+7+-+%5Cu0420%5Cu0438%5Cu043a%5Cu043b%5Cu0430%5Cu043d%5Cu0442%5Cu0438%5Cu0434%5Cu0438%5Cu0447%5Cu0435%5Cu0441%5Cu043a%5Cu0430%5Cu044f+%5Cu043f%5Cu0443%5Cu0442%5Cu0430%5Cu043d%5Cu0438%5Cu0446%5Cu0430%22%2C+%22callback_data%22%3A+%22episode%3A28%22%7D%5D%2C+%5B%7B%22text%22%3A+%22%5Cu0421%5Cu0435%5Cu0440%5Cu0438%5Cu044f+8+-+%5Cu041c%5Cu043e%5Cu0437%5Cu0433%5Cu043e%5Cu0432%5Cu044b%5Cu043d%5Cu043e%5Cu0441%5Cu044f%5Cu0448%5Cu043a%5Cu0438+%5Cu041c%5Cu043e%5Cu0440%5Cu0442%5Cu0438%22%2C+%22callback_data%22%3A+%22episode%3A29%22%7D%5D%2C+%5B%7B%22text%22%3A+%22%5Cu2795+%5Cu0414%5Cu043e%5Cu0431%5Cu0430%5Cu0432%5Cu0438%5Cu0442%5Cu044c+%5Cu044d%5Cu043f%5Cu0438%5Cu0437%5Cu043e%5Cu0434+%28%5Cu0430%5Cu0434%5Cu043c%5Cu0438%5Cu043d%29%22%2C+%22callback_data%22%3A+%22add_episode%3A3%22%7D%5D%2C+%5B%7B%22text%22%3A+%22%5Cud83d%5Cudd19+%5Cu041a+%5Cu0441%5Cu0435%5Cu0440%5Cu0438%5Cu0430%5Cu043b%5Cu0430%5Cu043c%22%2C+%22callback_data%22%3A+%22list_series%3A0%22%7D%2C+%7B%22text%22%3A+%22%5Cud83d%5Cudd19+%5Cu041c%5Cu0435%5Cu043d%5Cu044e%22%2C+%22callback_data%22%3A+%22main_menu%22%7D%5D%5D%7D (Caused by ProxyError('Unable to connect to proxy', RemoteDisconnected('Remote end closed connection without response')))
2025-12-07 13:16:14,453 ERROR Error in callback handling
Traceback (most recent call last):
  File "C:\Users\Dimondrol\Desktop\bot\venv\Lib\site-packages\urllib3\connectionpool.py", line 787, in urlopen
    response = self._make_request(
               ^^^^^^^^^^^^^^^^^^^
  File "C:\Users\Dimondrol\Desktop\bot\venv\Lib\site-packages\urllib3\connectionpool.py", line 534, in _make_request
    response = conn.getresponse()
               ^^^^^^^^^^^^^^^^^^
  File "C:\Users\Dimondrol\Desktop\bot\venv\Lib\site-packages\urllib3\connection.py", line 571, in getresponse
    httplib_response = super().getresponse()
                       ^^^^^^^^^^^^^^^^^^^^^
  File "C:\Users\Dimondrol\AppData\Local\Programs\Python\Python312\Lib\http\client.py", line 1428, in getresponse
    response.begin()
  File "C:\Users\Dimondrol\AppData\Local\Programs\Python\Python312\Lib\http\client.py", line 331, in begin
    version, status, reason = self._read_status()
                              ^^^^^^^^^^^^^^^^^^^
  File "C:\Users\Dimondrol\AppData\Local\Programs\Python\Python312\Lib\http\client.py", line 300, in _read_status
    raise RemoteDisconnected("Remote end closed connection without"
http.client.RemoteDisconnected: Remote end closed connection without response

The above exception was the direct cause of the following exception:

urllib3.exceptions.ProxyError: ('Unable to connect to proxy', RemoteDisconnected('Remote end closed connection without response'))

The above exception was the direct cause of the following exception:

Traceback (most recent call last):
  File "C:\Users\Dimondrol\Desktop\bot\venv\Lib\site-packages\requests\adapters.py", line 644, in send
    resp = conn.urlopen(
           ^^^^^^^^^^^^^
  File "C:\Users\Dimondrol\Desktop\bot\venv\Lib\site-packages\urllib3\connectionpool.py", line 841, in urlopen
    retries = retries.increment(
              ^^^^^^^^^^^^^^^^^^
  File "C:\Users\Dimondrol\Desktop\bot\venv\Lib\site-packages\urllib3\util\retry.py", line 519, in increment
    raise MaxRetryError(_pool, url, reason) from reason  # type: ignore[arg-type]
    ^^^^^^^^^^^^^^^^^^^^^^^^^^^^^^^^^^^^^^^^^^^^^^^^^^^
urllib3.exceptions.MaxRetryError: HTTPSConnectionPool(host='api.telegram.org', port=443): Max retries exceeded with url: /bot8154142653:AAH4c34ft-eAat6mln-uL2I7fye9itS79vE/editMessageText?text=%D0%A1%D0%BF%D0%B8%D1%81%D0%BE%D0%BA+%D1%81%D0%B5%D1%80%D0%B8%D0%B0%D0%BB%D0%BE%D0%B2%3A&chat_id=1374615669&message_id=584&parse_mode=HTML&reply_markup=%7B%22inline_keyboard%22%3A+%5B%5B%7B%22text%22%3A+%22%5Cu0420%5Cu0438%5Cu043a+%5Cu0438+%5Cu041c%5Cu043e%5Cu0440%5Cu0442%5Cu0438%22%2C+%22callback_data%22%3A+%22series%3A1%22%7D%5D%2C+%5B%7B%22text%22%3A+%22%5Cud83d%5Cudd19+%5Cu041c%5Cu0435%5Cu043d%5Cu044e%22%2C+%22callback_data%22%3A+%22main_menu%22%7D%5D%5D%7D (Caused by ProxyError('Unable to connect to proxy', RemoteDisconnected('Remote end closed connection without response')))

During handling of the above exception, another exception occurred:

Traceback (most recent call last):
  File "C:\Users\Dimondrol\Desktop\bot\bot.py", line 51, in on_callback
    handlers.callback_list_series(call, bot, page)
  File "C:\Users\Dimondrol\Desktop\bot\handlers.py", line 55, in callback_list_series
    bot.edit_message_text("Список сериалов:", chat_id, call.message.message_id, reply_markup=markup)
  File "C:\Users\Dimondrol\Desktop\bot\venv\Lib\site-packages\telebot\__init__.py", line 5349, in edit_message_text
    result = apihelper.edit_message_text(
             ^^^^^^^^^^^^^^^^^^^^^^^^^^^^
  File "C:\Users\Dimondrol\Desktop\bot\venv\Lib\site-packages\telebot\apihelper.py", line 1627, in edit_message_text
    return _make_request(token, method_url, params=payload, method='post')
           ^^^^^^^^^^^^^^^^^^^^^^^^^^^^^^^^^^^^^^^^^^^^^^^^^^^^^^^^^^^^^^^
  File "C:\Users\Dimondrol\Desktop\bot\venv\Lib\site-packages\telebot\apihelper.py", line 162, in _make_request
    result = _get_req_session().request(
             ^^^^^^^^^^^^^^^^^^^^^^^^^^^
  File "C:\Users\Dimondrol\Desktop\bot\venv\Lib\site-packages\requests\sessions.py", line 589, in request
    resp = self.send(prep, **send_kwargs)
           ^^^^^^^^^^^^^^^^^^^^^^^^^^^^^^
  File "C:\Users\Dimondrol\Desktop\bot\venv\Lib\site-packages\requests\sessions.py", line 703, in send
    r = adapter.send(request, **kwargs)
        ^^^^^^^^^^^^^^^^^^^^^^^^^^^^^^^
  File "C:\Users\Dimondrol\Desktop\bot\venv\Lib\site-packages\requests\adapters.py", line 671, in send
    raise ProxyError(e, request=request)
requests.exceptions.ProxyError: HTTPSConnectionPool(host='api.telegram.org', port=443): Max retries exceeded with url: /bot8154142653:AAH4c34ft-eAat6mln-uL2I7fye9itS79vE/editMessageText?text=%D0%A1%D0%BF%D0%B8%D1%81%D0%BE%D0%BA+%D1%81%D0%B5%D1%80%D0%B8%D0%B0%D0%BB%D0%BE%D0%B2%3A&chat_id=1374615669&message_id=584&parse_mode=HTML&reply_markup=%7B%22inline_keyboard%22%3A+%5B%5B%7B%22text%22%3A+%22%5Cu0420%5Cu0438%5Cu043a+%5Cu0438+%5Cu041c%5Cu043e%5Cu0440%5Cu0442%5Cu0438%22%2C+%22callback_data%22%3A+%22series%3A1%22%7D%5D%2C+%5B%7B%22text%22%3A+%22%5Cud83d%5Cudd19+%5Cu041c%5Cu0435%5Cu043d%5Cu044e%22%2C+%22callback_data%22%3A+%22main_menu%22%7D%5D%5D%7D (Caused by ProxyError('Unable to connect to proxy', RemoteDisconnected('Remote end closed connection without response')))
2025-12-07 13:16:18,238 ERROR Error in callback handling
Traceback (most recent call last):
  File "C:\Users\Dimondrol\Desktop\bot\venv\Lib\site-packages\urllib3\connectionpool.py", line 787, in urlopen
    response = self._make_request(
               ^^^^^^^^^^^^^^^^^^^
  File "C:\Users\Dimondrol\Desktop\bot\venv\Lib\site-packages\urllib3\connectionpool.py", line 534, in _make_request
    response = conn.getresponse()
               ^^^^^^^^^^^^^^^^^^
  File "C:\Users\Dimondrol\Desktop\bot\venv\Lib\site-packages\urllib3\connection.py", line 571, in getresponse
    httplib_response = super().getresponse()
                       ^^^^^^^^^^^^^^^^^^^^^
  File "C:\Users\Dimondrol\AppData\Local\Programs\Python\Python312\Lib\http\client.py", line 1428, in getresponse
    response.begin()
  File "C:\Users\Dimondrol\AppData\Local\Programs\Python\Python312\Lib\http\client.py", line 331, in begin
    version, status, reason = self._read_status()
                              ^^^^^^^^^^^^^^^^^^^
  File "C:\Users\Dimondrol\AppData\Local\Programs\Python\Python312\Lib\http\client.py", line 300, in _read_status
    raise RemoteDisconnected("Remote end closed connection without"
http.client.RemoteDisconnected: Remote end closed connection without response

The above exception was the direct cause of the following exception:

urllib3.exceptions.ProxyError: ('Unable to connect to proxy', RemoteDisconnected('Remote end closed connection without response'))

The above exception was the direct cause of the following exception:

Traceback (most recent call last):
  File "C:\Users\Dimondrol\Desktop\bot\venv\Lib\site-packages\requests\adapters.py", line 644, in send
    resp = conn.urlopen(
           ^^^^^^^^^^^^^
  File "C:\Users\Dimondrol\Desktop\bot\venv\Lib\site-packages\urllib3\connectionpool.py", line 841, in urlopen
    retries = retries.increment(
              ^^^^^^^^^^^^^^^^^^
  File "C:\Users\Dimondrol\Desktop\bot\venv\Lib\site-packages\urllib3\util\retry.py", line 519, in increment
    raise MaxRetryError(_pool, url, reason) from reason  # type: ignore[arg-type]
    ^^^^^^^^^^^^^^^^^^^^^^^^^^^^^^^^^^^^^^^^^^^^^^^^^^^
urllib3.exceptions.MaxRetryError: HTTPSConnectionPool(host='api.telegram.org', port=443): Max retries exceeded with url: /bot8154142653:AAH4c34ft-eAat6mln-uL2I7fye9itS79vE/answerCallbackQuery?callback_query_id=5903929345513786332&text=%D0%9A%D0%BE%D0%BC%D0%B0%D0%BD%D0%B4%D1%8B+%D0%B4%D0%BE%D0%B1%D0%B0%D0%B2%D0%BB%D0%B5%D0%BD%D0%B8%D1%8F%3A+%2Fadd+%D0%B8%D0%BB%D0%B8+%D0%BD%D0%B0%D0%B6%D0%BC%D0%B8%D1%82%D0%B5+%D0%BA%D0%BD%D0%BE%D0%BF%D0%BA%D1%83+%27%D0%94%D0%BE%D0%B1%D0%B0%D0%B2%D0%B8%D1%82%D1%8C%27+%D0%B2+%D1%87%D0%B0%D1%82%D0%B5 (Caused by ProxyError('Unable to connect to proxy', RemoteDisconnected('Remote end closed connection without response')))

During handling of the above exception, another exception occurred:

Traceback (most recent call last):
  File "C:\Users\Dimondrol\Desktop\bot\bot.py", line 64, in on_callback
    bot.answer_callback_query(call.id, "Команды добавления: /add или нажмите кнопку 'Добавить' в чате")
  File "C:\Users\Dimondrol\Desktop\bot\venv\Lib\site-packages\telebot\__init__.py", line 6456, in answer_callback_query
    return apihelper.answer_callback_query(
           ^^^^^^^^^^^^^^^^^^^^^^^^^^^^^^^^
  File "C:\Users\Dimondrol\Desktop\bot\venv\Lib\site-packages\telebot\apihelper.py", line 1996, in answer_callback_query
    return _make_request(token, method_url, params=payload, method='post')
           ^^^^^^^^^^^^^^^^^^^^^^^^^^^^^^^^^^^^^^^^^^^^^^^^^^^^^^^^^^^^^^^
  File "C:\Users\Dimondrol\Desktop\bot\venv\Lib\site-packages\telebot\apihelper.py", line 162, in _make_request
    result = _get_req_session().request(
             ^^^^^^^^^^^^^^^^^^^^^^^^^^^
  File "C:\Users\Dimondrol\Desktop\bot\venv\Lib\site-packages\requests\sessions.py", line 589, in request
    resp = self.send(prep, **send_kwargs)
           ^^^^^^^^^^^^^^^^^^^^^^^^^^^^^^
  File "C:\Users\Dimondrol\Desktop\bot\venv\Lib\site-packages\requests\sessions.py", line 703, in send
    r = adapter.send(request, **kwargs)
        ^^^^^^^^^^^^^^^^^^^^^^^^^^^^^^^
  File "C:\Users\Dimondrol\Desktop\bot\venv\Lib\site-packages\requests\adapters.py", line 671, in send
    raise ProxyError(e, request=request)
requests.exceptions.ProxyError: HTTPSConnectionPool(host='api.telegram.org', port=443): Max retries exceeded with url: /bot8154142653:AAH4c34ft-eAat6mln-uL2I7fye9itS79vE/answerCallbackQuery?callback_query_id=5903929345513786332&text=%D0%9A%D0%BE%D0%BC%D0%B0%D0%BD%D0%B4%D1%8B+%D0%B4%D0%BE%D0%B1%D0%B0%D0%B2%D0%BB%D0%B5%D0%BD%D0%B8%D1%8F%3A+%2Fadd+%D0%B8%D0%BB%D0%B8+%D0%BD%D0%B0%D0%B6%D0%BC%D0%B8%D1%82%D0%B5+%D0%BA%D0%BD%D0%BE%D0%BF%D0%BA%D1%83+%27%D0%94%D0%BE%D0%B1%D0%B0%D0%B2%D0%B8%D1%82%D1%8C%27+%D0%B2+%D1%87%D0%B0%D1%82%D0%B5 (Caused by ProxyError('Unable to connect to proxy', RemoteDisconnected('Remote end closed connection without response')))
2025-12-07 13:49:44,530 ERROR Error in callback handling
Traceback (most recent call last):
  File "C:\Users\Dimondrol\Desktop\bot\venv\Lib\site-packages\urllib3\connectionpool.py", line 787, in urlopen
    response = self._make_request(
               ^^^^^^^^^^^^^^^^^^^
  File "C:\Users\Dimondrol\Desktop\bot\venv\Lib\site-packages\urllib3\connectionpool.py", line 534, in _make_request
    response = conn.getresponse()
               ^^^^^^^^^^^^^^^^^^
  File "C:\Users\Dimondrol\Desktop\bot\venv\Lib\site-packages\urllib3\connection.py", line 571, in getresponse
    httplib_response = super().getresponse()
                       ^^^^^^^^^^^^^^^^^^^^^
  File "C:\Users\Dimondrol\AppData\Local\Programs\Python\Python312\Lib\http\client.py", line 1428, in getresponse
    response.begin()
  File "C:\Users\Dimondrol\AppData\Local\Programs\Python\Python312\Lib\http\client.py", line 331, in begin
    version, status, reason = self._read_status()
                              ^^^^^^^^^^^^^^^^^^^
  File "C:\Users\Dimondrol\AppData\Local\Programs\Python\Python312\Lib\http\client.py", line 300, in _read_status
    raise RemoteDisconnected("Remote end closed connection without"
http.client.RemoteDisconnected: Remote end closed connection without response

The above exception was the direct cause of the following exception:

urllib3.exceptions.ProxyError: ('Unable to connect to proxy', RemoteDisconnected('Remote end closed connection without response'))

The above exception was the direct cause of the following exception:

Traceback (most recent call last):
  File "C:\Users\Dimondrol\Desktop\bot\venv\Lib\site-packages\requests\adapters.py", line 644, in send
    resp = conn.urlopen(
           ^^^^^^^^^^^^^
  File "C:\Users\Dimondrol\Desktop\bot\venv\Lib\site-packages\urllib3\connectionpool.py", line 841, in urlopen
    retries = retries.increment(
              ^^^^^^^^^^^^^^^^^^
  File "C:\Users\Dimondrol\Desktop\bot\venv\Lib\site-packages\urllib3\util\retry.py", line 519, in increment
    raise MaxRetryError(_pool, url, reason) from reason  # type: ignore[arg-type]
    ^^^^^^^^^^^^^^^^^^^^^^^^^^^^^^^^^^^^^^^^^^^^^^^^^^^
urllib3.exceptions.MaxRetryError: HTTPSConnectionPool(host='api.telegram.org', port=443): Max retries exceeded with url: /bot8154142653:AAH4c34ft-eAat6mln-uL2I7fye9itS79vE/editMessageText?text=%D0%A1%D0%BF%D0%B8%D1%81%D0%BE%D0%BA+%D1%81%D0%B5%D1%80%D0%B8%D0%B0%D0%BB%D0%BE%D0%B2%3A&chat_id=1374615669&message_id=700&parse_mode=HTML&reply_markup=%7B%22inline_keyboard%22%3A+%5B%5B%7B%22text%22%3A+%22%5Cu0420%5Cu0438%5Cu043a+%5Cu0438+%5Cu041c%5Cu043e%5Cu0440%5Cu0442%5Cu0438%22%2C+%22callback_data%22%3A+%22series%3A1%22%7D%5D%2C+%5B%7B%22text%22%3A+%22%5Cud83d%5Cudd19+%5Cu041c%5Cu0435%5Cu043d%5Cu044e%22%2C+%22callback_data%22%3A+%22main_menu%22%7D%5D%5D%7D (Caused by ProxyError('Unable to connect to proxy', RemoteDisconnected('Remote end closed connection without response')))

During handling of the above exception, another exception occurred:

Traceback (most recent call last):
  File "C:\Users\Dimondrol\Desktop\bot\bot.py", line 51, in on_callback
    handlers.callback_list_series(call, bot, page)
  File "C:\Users\Dimondrol\Desktop\bot\handlers.py", line 55, in callback_list_series
    bot.edit_message_text("Список сериалов:", chat_id, call.message.message_id, reply_markup=markup)
  File "C:\Users\Dimondrol\Desktop\bot\venv\Lib\site-packages\telebot\__init__.py", line 5349, in edit_message_text
    result = apihelper.edit_message_text(
             ^^^^^^^^^^^^^^^^^^^^^^^^^^^^
  File "C:\Users\Dimondrol\Desktop\bot\venv\Lib\site-packages\telebot\apihelper.py", line 1627, in edit_message_text
    return _make_request(token, method_url, params=payload, method='post')
           ^^^^^^^^^^^^^^^^^^^^^^^^^^^^^^^^^^^^^^^^^^^^^^^^^^^^^^^^^^^^^^^
  File "C:\Users\Dimondrol\Desktop\bot\venv\Lib\site-packages\telebot\apihelper.py", line 162, in _make_request
    result = _get_req_session().request(
             ^^^^^^^^^^^^^^^^^^^^^^^^^^^
  File "C:\Users\Dimondrol\Desktop\bot\venv\Lib\site-packages\requests\sessions.py", line 589, in request
    resp = self.send(prep, **send_kwargs)
           ^^^^^^^^^^^^^^^^^^^^^^^^^^^^^^
  File "C:\Users\Dimondrol\Desktop\bot\venv\Lib\site-packages\requests\sessions.py", line 703, in send
    r = adapter.send(request, **kwargs)
        ^^^^^^^^^^^^^^^^^^^^^^^^^^^^^^^
  File "C:\Users\Dimondrol\Desktop\bot\venv\Lib\site-packages\requests\adapters.py", line 671, in send
    raise ProxyError(e, request=request)
requests.exceptions.ProxyError: HTTPSConnectionPool(host='api.telegram.org', port=443): Max retries exceeded with url: /bot8154142653:AAH4c34ft-eAat6mln-uL2I7fye9itS79vE/editMessageText?text=%D0%A1%D0%BF%D0%B8%D1%81%D0%BE%D0%BA+%D1%81%D0%B5%D1%80%D0%B8%D0%B0%D0%BB%D0%BE%D0%B2%3A&chat_id=1374615669&message_id=700&parse_mode=HTML&reply_markup=%7B%22inline_keyboard%22%3A+%5B%5B%7B%22text%22%3A+%22%5Cu0420%5Cu0438%5Cu043a+%5Cu0438+%5Cu041c%5Cu043e%5Cu0440%5Cu0442%5Cu0438%22%2C+%22callback_data%22%3A+%22series%3A1%22%7D%5D%2C+%5B%7B%22text%22%3A+%22%5Cud83d%5Cudd19+%5Cu041c%5Cu0435%5Cu043d%5Cu044e%22%2C+%22callback_data%22%3A+%22main_menu%22%7D%5D%5D%7D (Caused by ProxyError('Unable to connect to proxy', RemoteDisconnected('Remote end closed connection without response')))
2025-12-07 14:29:44,170 ERROR Error in callback handling
Traceback (most recent call last):
  File "C:\Users\Dimondrol\Desktop\bot\venv\Lib\site-packages\urllib3\connectionpool.py", line 787, in urlopen
    response = self._make_request(
               ^^^^^^^^^^^^^^^^^^^
  File "C:\Users\Dimondrol\Desktop\bot\venv\Lib\site-packages\urllib3\connectionpool.py", line 534, in _make_request
    response = conn.getresponse()
               ^^^^^^^^^^^^^^^^^^
  File "C:\Users\Dimondrol\Desktop\bot\venv\Lib\site-packages\urllib3\connection.py", line 571, in getresponse
    httplib_response = super().getresponse()
                       ^^^^^^^^^^^^^^^^^^^^^
  File "C:\Users\Dimondrol\AppData\Local\Programs\Python\Python312\Lib\http\client.py", line 1428, in getresponse
    response.begin()
  File "C:\Users\Dimondrol\AppData\Local\Programs\Python\Python312\Lib\http\client.py", line 331, in begin
    version, status, reason = self._read_status()
                              ^^^^^^^^^^^^^^^^^^^
  File "C:\Users\Dimondrol\AppData\Local\Programs\Python\Python312\Lib\http\client.py", line 300, in _read_status
    raise RemoteDisconnected("Remote end closed connection without"
http.client.RemoteDisconnected: Remote end closed connection without response

The above exception was the direct cause of the following exception:

urllib3.exceptions.ProxyError: ('Unable to connect to proxy', RemoteDisconnected('Remote end closed connection without response'))

The above exception was the direct cause of the following exception:

Traceback (most recent call last):
  File "C:\Users\Dimondrol\Desktop\bot\venv\Lib\site-packages\requests\adapters.py", line 644, in send
    resp = conn.urlopen(
           ^^^^^^^^^^^^^
  File "C:\Users\Dimondrol\Desktop\bot\venv\Lib\site-packages\urllib3\connectionpool.py", line 841, in urlopen
    retries = retries.increment(
              ^^^^^^^^^^^^^^^^^^
  File "C:\Users\Dimondrol\Desktop\bot\venv\Lib\site-packages\urllib3\util\retry.py", line 519, in increment
    raise MaxRetryError(_pool, url, reason) from reason  # type: ignore[arg-type]
    ^^^^^^^^^^^^^^^^^^^^^^^^^^^^^^^^^^^^^^^^^^^^^^^^^^^
urllib3.exceptions.MaxRetryError: HTTPSConnectionPool(host='api.telegram.org', port=443): Max retries exceeded with url: /bot8154142653:AAH4c34ft-eAat6mln-uL2I7fye9itS79vE/editMessageText?text=%D0%92%D1%8B%D0%B1%D0%B5%D1%80%D0%B8%D1%82%D0%B5+%D1%81%D0%B5%D0%B7%D0%BE%D0%BD%3A&chat_id=1374615669&message_id=835&parse_mode=HTML&reply_markup=%7B%22inline_keyboard%22%3A+%5B%5B%7B%22text%22%3A+%22%5Cu0421%5Cu0435%5Cu0437%5Cu043e%5Cu043d+1%22%2C+%22callback_data%22%3A+%22season%3A1%22%7D%5D%2C+%5B%7B%22text%22%3A+%22%5Cu0421%5Cu0435%5Cu0437%5Cu043e%5Cu043d+2%22%2C+%22callback_data%22%3A+%22season%3A2%22%7D%5D%2C+%5B%7B%22text%22%3A+%22%5Cu0421%5Cu0435%5Cu0437%5Cu043e%5Cu043d+3%22%2C+%22callback_data%22%3A+%22season%3A3%22%7D%5D%2C+%5B%7B%22text%22%3A+%22%5Cu0421%5Cu0435%5Cu0437%5Cu043e%5Cu043d+4%22%2C+%22callback_data%22%3A+%22season%3A4%22%7D%5D%2C+%5B%7B%22text%22%3A+%22%5Cu0421%5Cu0435%5Cu0437%5Cu043e%5Cu043d+5%22%2C+%22callback_data%22%3A+%22season%3A5%22%7D%5D%2C+%5B%7B%22text%22%3A+%22%5Cu0421%5Cu0435%5Cu0437%5Cu043e%5Cu043d+6%22%2C+%22callback_data%22%3A+%22season%3A6%22%7D%5D%2C+%5B%7B%22text%22%3A+%22%5Cu0421%5Cu0435%5Cu0437%5Cu043e%5Cu043d+7%22%2C+%22callback_data%22%3A+%22season%3A7%22%7D%5D%2C+%5B%7B%22text%22%3A+%22%5Cu0421%5Cu0435%5Cu0437%5Cu043e%5Cu043d+8%22%2C+%22callback_data%22%3A+%22season%3A8%22%7D%5D%2C+%5B%7B%22text%22%3A+%22%5Cu2795+%5Cu0414%5Cu043e%5Cu0431%5Cu0430%5Cu0432%5Cu0438%5Cu0442%5Cu044c+%5Cu0441%5Cu0435%5Cu0437%5Cu043e%5Cu043d+%28%5Cu0430%5Cu0434%5Cu043c%5Cu0438%5Cu043d%29%22%2C+%22callback_data%22%3A+%22add_season%3A1%22%7D%5D%2C+%5B%7B%22text%22%3A+%22%5Cud83d%5Cudd19+%5Cu041a+%5Cu0441%5Cu0435%5Cu0440%5Cu0438%5Cu0430%5Cu043b%5Cu0430%5Cu043c%22%2C+%22callback_data%22%3A+%22list_series%3A0%22%7D%2C+%7B%22text%22%3A+%22%5Cud83d%5Cudd19+%5Cu041c%5Cu0435%5Cu043d%5Cu044e%22%2C+%22callback_data%22%3A+%22main_menu%22%7D%5D%5D%7D (Caused by ProxyError('Unable to connect to proxy', RemoteDisconnected('Remote end closed connection without response')))

During handling of the above exception, another exception occurred:

Traceback (most recent call last):
  File "C:\Users\Dimondrol\Desktop\bot\bot.py", line 56, in on_callback
    handlers.callback_series(call, bot, sid)
  File "C:\Users\Dimondrol\Desktop\bot\handlers.py", line 68, in callback_series
    bot.edit_message_text("Выберите сезон:", chat_id, call.message.message_id, reply_markup=markup)
  File "C:\Users\Dimondrol\Desktop\bot\venv\Lib\site-packages\telebot\__init__.py", line 5349, in edit_message_text
    result = apihelper.edit_message_text(
             ^^^^^^^^^^^^^^^^^^^^^^^^^^^^
  File "C:\Users\Dimondrol\Desktop\bot\venv\Lib\site-packages\telebot\apihelper.py", line 1627, in edit_message_text
    return _make_request(token, method_url, params=payload, method='post')
           ^^^^^^^^^^^^^^^^^^^^^^^^^^^^^^^^^^^^^^^^^^^^^^^^^^^^^^^^^^^^^^^
  File "C:\Users\Dimondrol\Desktop\bot\venv\Lib\site-packages\telebot\apihelper.py", line 162, in _make_request
    result = _get_req_session().request(
             ^^^^^^^^^^^^^^^^^^^^^^^^^^^
  File "C:\Users\Dimondrol\Desktop\bot\venv\Lib\site-packages\requests\sessions.py", line 589, in request
    resp = self.send(prep, **send_kwargs)
           ^^^^^^^^^^^^^^^^^^^^^^^^^^^^^^
  File "C:\Users\Dimondrol\Desktop\bot\venv\Lib\site-packages\requests\sessions.py", line 703, in send
    r = adapter.send(request, **kwargs)
        ^^^^^^^^^^^^^^^^^^^^^^^^^^^^^^^
  File "C:\Users\Dimondrol\Desktop\bot\venv\Lib\site-packages\requests\adapters.py", line 671, in send
    raise ProxyError(e, request=request)
requests.exceptions.ProxyError: HTTPSConnectionPool(host='api.telegram.org', port=443): Max retries exceeded with url: /bot8154142653:AAH4c34ft-eAat6mln-uL2I7fye9itS79vE/editMessageText?text=%D0%92%D1%8B%D0%B1%D0%B5%D1%80%D0%B8%D1%82%D0%B5+%D1%81%D0%B5%D0%B7%D0%BE%D0%BD%3A&chat_id=1374615669&message_id=835&parse_mode=HTML&reply_markup=%7B%22inline_keyboard%22%3A+%5B%5B%7B%22text%22%3A+%22%5Cu0421%5Cu0435%5Cu0437%5Cu043e%5Cu043d+1%22%2C+%22callback_data%22%3A+%22season%3A1%22%7D%5D%2C+%5B%7B%22text%22%3A+%22%5Cu0421%5Cu0435%5Cu0437%5Cu043e%5Cu043d+2%22%2C+%22callback_data%22%3A+%22season%3A2%22%7D%5D%2C+%5B%7B%22text%22%3A+%22%5Cu0421%5Cu0435%5Cu0437%5Cu043e%5Cu043d+3%22%2C+%22callback_data%22%3A+%22season%3A3%22%7D%5D%2C+%5B%7B%22text%22%3A+%22%5Cu0421%5Cu0435%5Cu0437%5Cu043e%5Cu043d+4%22%2C+%22callback_data%22%3A+%22season%3A4%22%7D%5D%2C+%5B%7B%22text%22%3A+%22%5Cu0421%5Cu0435%5Cu0437%5Cu043e%5Cu043d+5%22%2C+%22callback_data%22%3A+%22season%3A5%22%7D%5D%2C+%5B%7B%22text%22%3A+%22%5Cu0421%5Cu0435%5Cu0437%5Cu043e%5Cu043d+6%22%2C+%22callback_data%22%3A+%22season%3A6%22%7D%5D%2C+%5B%7B%22text%22%3A+%22%5Cu0421%5Cu0435%5Cu0437%5Cu043e%5Cu043d+7%22%2C+%22callback_data%22%3A+%22season%3A7%22%7D%5D%2C+%5B%7B%22text%22%3A+%22%5Cu0421%5Cu0435%5Cu0437%5Cu043e%5Cu043d+8%22%2C+%22callback_data%22%3A+%22season%3A8%22%7D%5D%2C+%5B%7B%22text%22%3A+%22%5Cu2795+%5Cu0414%5Cu043e%5Cu0431%5Cu0430%5Cu0432%5Cu0438%5Cu0442%5Cu044c+%5Cu0441%5Cu0435%5Cu0437%5Cu043e%5Cu043d+%28%5Cu0430%5Cu0434%5Cu043c%5Cu0438%5Cu043d%29%22%2C+%22callback_data%22%3A+%22add_season%3A1%22%7D%5D%2C+%5B%7B%22text%22%3A+%22%5Cud83d%5Cudd19+%5Cu041a+%5Cu0441%5Cu0435%5Cu0440%5Cu0438%5Cu0430%5Cu043b%5Cu0430%5Cu043c%22%2C+%22callback_data%22%3A+%22list_series%3A0%22%7D%2C+%7B%22text%22%3A+%22%5Cud83d%5Cudd19+%5Cu041c%5Cu0435%5Cu043d%5Cu044e%22%2C+%22callback_data%22%3A+%22main_menu%22%7D%5D%5D%7D (Caused by ProxyError('Unable to connect to proxy', RemoteDisconnected('Remote end closed connection without response')))
2025-12-07 16:30:51,150 ERROR Error in callback handling
Traceback (most recent call last):
  File "C:\Users\Dimondrol\Desktop\bot\venv\Lib\site-packages\urllib3\connectionpool.py", line 787, in urlopen
    response = self._make_request(
               ^^^^^^^^^^^^^^^^^^^
  File "C:\Users\Dimondrol\Desktop\bot\venv\Lib\site-packages\urllib3\connectionpool.py", line 534, in _make_request
    response = conn.getresponse()
               ^^^^^^^^^^^^^^^^^^
  File "C:\Users\Dimondrol\Desktop\bot\venv\Lib\site-packages\urllib3\connection.py", line 571, in getresponse
    httplib_response = super().getresponse()
                       ^^^^^^^^^^^^^^^^^^^^^
  File "C:\Users\Dimondrol\AppData\Local\Programs\Python\Python312\Lib\http\client.py", line 1428, in getresponse
    response.begin()
  File "C:\Users\Dimondrol\AppData\Local\Programs\Python\Python312\Lib\http\client.py", line 331, in begin
    version, status, reason = self._read_status()
                              ^^^^^^^^^^^^^^^^^^^
  File "C:\Users\Dimondrol\AppData\Local\Programs\Python\Python312\Lib\http\client.py", line 300, in _read_status
    raise RemoteDisconnected("Remote end closed connection without"
http.client.RemoteDisconnected: Remote end closed connection without response

The above exception was the direct cause of the following exception:

urllib3.exceptions.ProxyError: ('Unable to connect to proxy', RemoteDisconnected('Remote end closed connection without response'))

The above exception was the direct cause of the following exception:

Traceback (most recent call last):
  File "C:\Users\Dimondrol\Desktop\bot\venv\Lib\site-packages\requests\adapters.py", line 644, in send
    resp = conn.urlopen(
           ^^^^^^^^^^^^^
  File "C:\Users\Dimondrol\Desktop\bot\venv\Lib\site-packages\urllib3\connectionpool.py", line 841, in urlopen
    retries = retries.increment(
              ^^^^^^^^^^^^^^^^^^
  File "C:\Users\Dimondrol\Desktop\bot\venv\Lib\site-packages\urllib3\util\retry.py", line 519, in increment
    raise MaxRetryError(_pool, url, reason) from reason  # type: ignore[arg-type]
    ^^^^^^^^^^^^^^^^^^^^^^^^^^^^^^^^^^^^^^^^^^^^^^^^^^^
urllib3.exceptions.MaxRetryError: HTTPSConnectionPool(host='api.telegram.org', port=443): Max retries exceeded with url: /bot8154142653:AAH4c34ft-eAat6mln-uL2I7fye9itS79vE/editMessageText?text=%D0%92%D1%8B%D0%B1%D0%B5%D1%80%D0%B8%D1%82%D0%B5+%D1%81%D0%B5%D0%B7%D0%BE%D0%BD%3A&chat_id=1374615669&message_id=1069&parse_mode=HTML&reply_markup=%7B%22inline_keyboard%22%3A+%5B%5B%7B%22text%22%3A+%22%5Cu0421%5Cu0435%5Cu0437%5Cu043e%5Cu043d+1%22%2C+%22callback_data%22%3A+%22season%3A1%22%7D%5D%2C+%5B%7B%22text%22%3A+%22%5Cu0421%5Cu0435%5Cu0437%5Cu043e%5Cu043d+2%22%2C+%22callback_data%22%3A+%22season%3A2%22%7D%5D%2C+%5B%7B%22text%22%3A+%22%5Cu0421%5Cu0435%5Cu0437%5Cu043e%5Cu043d+3%22%2C+%22callback_data%22%3A+%22season%3A3%22%7D%5D%2C+%5B%7B%22text%22%3A+%22%5Cu0421%5Cu0435%5Cu0437%5Cu043e%5Cu043d+4%22%2C+%22callback_data%22%3A+%22season%3A4%22%7D%5D%2C+%5B%7B%22text%22%3A+%22%5Cu0421%5Cu0435%5Cu0437%5Cu043e%5Cu043d+5%22%2C+%22callback_data%22%3A+%22season%3A5%22%7D%5D%2C+%5B%7B%22text%22%3A+%22%5Cu0421%5Cu0435%5Cu0437%5Cu043e%5Cu043d+6%22%2C+%22callback_data%22%3A+%22season%3A6%22%7D%5D%2C+%5B%7B%22text%22%3A+%22%5Cu0421%5Cu0435%5Cu0437%5Cu043e%5Cu043d+7%22%2C+%22callback_data%22%3A+%22season%3A7%22%7D%5D%2C+%5B%7B%22text%22%3A+%22%5Cu0421%5Cu0435%5Cu0437%5Cu043e%5Cu043d+8%22%2C+%22callback_data%22%3A+%22season%3A8%22%7D%5D%2C+%5B%7B%22text%22%3A+%22%5Cu2795+%5Cu0414%5Cu043e%5Cu0431%5Cu0430%5Cu0432%5Cu0438%5Cu0442%5Cu044c+%5Cu0441%5Cu0435%5Cu0437%5Cu043e%5Cu043d+%28%5Cu0430%5Cu0434%5Cu043c%5Cu0438%5Cu043d%29%22%2C+%22callback_data%22%3A+%22add_season%3A1%22%7D%5D%2C+%5B%7B%22text%22%3A+%22%5Cud83d%5Cudd19+%5Cu041a+%5Cu0441%5Cu0435%5Cu0440%5Cu0438%5Cu0430%5Cu043b%5Cu0430%5Cu043c%22%2C+%22callback_data%22%3A+%22list_series%3A0%22%7D%2C+%7B%22text%22%3A+%22%5Cud83d%5Cudd19+%5Cu041c%5Cu0435%5Cu043d%5Cu044e%22%2C+%22callback_data%22%3A+%22main_menu%22%7D%5D%5D%7D (Caused by ProxyError('Unable to connect to proxy', RemoteDisconnected('Remote end closed connection without response')))

During handling of the above exception, another exception occurred:

Traceback (most recent call last):
  File "C:\Users\Dimondrol\Desktop\bot\bot.py", line 56, in on_callback
    handlers.callback_series(call, bot, sid)
  File "C:\Users\Dimondrol\Desktop\bot\handlers.py", line 68, in callback_series
    bot.edit_message_text("Выберите сезон:", chat_id, call.message.message_id, reply_markup=markup)
  File "C:\Users\Dimondrol\Desktop\bot\venv\Lib\site-packages\telebot\__init__.py", line 5349, in edit_message_text
    result = apihelper.edit_message_text(
             ^^^^^^^^^^^^^^^^^^^^^^^^^^^^
  File "C:\Users\Dimondrol\Desktop\bot\venv\Lib\site-packages\telebot\apihelper.py", line 1627, in edit_message_text
    return _make_request(token, method_url, params=payload, method='post')
           ^^^^^^^^^^^^^^^^^^^^^^^^^^^^^^^^^^^^^^^^^^^^^^^^^^^^^^^^^^^^^^^
  File "C:\Users\Dimondrol\Desktop\bot\venv\Lib\site-packages\telebot\apihelper.py", line 162, in _make_request
    result = _get_req_session().request(
             ^^^^^^^^^^^^^^^^^^^^^^^^^^^
  File "C:\Users\Dimondrol\Desktop\bot\venv\Lib\site-packages\requests\sessions.py", line 589, in request
    resp = self.send(prep, **send_kwargs)
           ^^^^^^^^^^^^^^^^^^^^^^^^^^^^^^
  File "C:\Users\Dimondrol\Desktop\bot\venv\Lib\site-packages\requests\sessions.py", line 703, in send
    r = adapter.send(request, **kwargs)
        ^^^^^^^^^^^^^^^^^^^^^^^^^^^^^^^
  File "C:\Users\Dimondrol\Desktop\bot\venv\Lib\site-packages\requests\adapters.py", line 671, in send
    raise ProxyError(e, request=request)
requests.exceptions.ProxyError: HTTPSConnectionPool(host='api.telegram.org', port=443): Max retries exceeded with url: /bot8154142653:AAH4c34ft-eAat6mln-uL2I7fye9itS79vE/editMessageText?text=%D0%92%D1%8B%D0%B1%D0%B5%D1%80%D0%B8%D1%82%D0%B5+%D1%81%D0%B5%D0%B7%D0%BE%D0%BD%3A&chat_id=1374615669&message_id=1069&parse_mode=HTML&reply_markup=%7B%22inline_keyboard%22%3A+%5B%5B%7B%22text%22%3A+%22%5Cu0421%5Cu0435%5Cu0437%5Cu043e%5Cu043d+1%22%2C+%22callback_data%22%3A+%22season%3A1%22%7D%5D%2C+%5B%7B%22text%22%3A+%22%5Cu0421%5Cu0435%5Cu0437%5Cu043e%5Cu043d+2%22%2C+%22callback_data%22%3A+%22season%3A2%22%7D%5D%2C+%5B%7B%22text%22%3A+%22%5Cu0421%5Cu0435%5Cu0437%5Cu043e%5Cu043d+3%22%2C+%22callback_data%22%3A+%22season%3A3%22%7D%5D%2C+%5B%7B%22text%22%3A+%22%5Cu0421%5Cu0435%5Cu0437%5Cu043e%5Cu043d+4%22%2C+%22callback_data%22%3A+%22season%3A4%22%7D%5D%2C+%5B%7B%22text%22%3A+%22%5Cu0421%5Cu0435%5Cu0437%5Cu043e%5Cu043d+5%22%2C+%22callback_data%22%3A+%22season%3A5%22%7D%5D%2C+%5B%7B%22text%22%3A+%22%5Cu0421%5Cu0435%5Cu0437%5Cu043e%5Cu043d+6%22%2C+%22callback_data%22%3A+%22season%3A6%22%7D%5D%2C+%5B%7B%22text%22%3A+%22%5Cu0421%5Cu0435%5Cu0437%5Cu043e%5Cu043d+7%22%2C+%22callback_data%22%3A+%22season%3A7%22%7D%5D%2C+%5B%7B%22text%22%3A+%22%5Cu0421%5Cu0435%5Cu0437%5Cu043e%5Cu043d+8%22%2C+%22callback_data%22%3A+%22season%3A8%22%7D%5D%2C+%5B%7B%22text%22%3A+%22%5Cu2795+%5Cu0414%5Cu043e%5Cu0431%5Cu0430%5Cu0432%5Cu0438%5Cu0442%5Cu044c+%5Cu0441%5Cu0435%5Cu0437%5Cu043e%5Cu043d+%28%5Cu0430%5Cu0434%5Cu043c%5Cu0438%5Cu043d%29%22%2C+%22callback_data%22%3A+%22add_season%3A1%22%7D%5D%2C+%5B%7B%22text%22%3A+%22%5Cud83d%5Cudd19+%5Cu041a+%5Cu0441%5Cu0435%5Cu0440%5Cu0438%5Cu0430%5Cu043b%5Cu0430%5Cu043c%22%2C+%22callback_data%22%3A+%22list_series%3A0%22%7D%2C+%7B%22text%22%3A+%22%5Cud83d%5Cudd19+%5Cu041c%5Cu0435%5Cu043d%5Cu044e%22%2C+%22callback_data%22%3A+%22main_menu%22%7D%5D%5D%7D (Caused by ProxyError('Unable to connect to proxy', RemoteDisconnected('Remote end closed connection without response')))
2025-12-07 22:20:49,287 ERROR Error in callback handling
Traceback (most recent call last):
  File "C:\Users\Dimondrol\Desktop\bot\venv\Lib\site-packages\urllib3\connectionpool.py", line 787, in urlopen
    response = self._make_request(
               ^^^^^^^^^^^^^^^^^^^
  File "C:\Users\Dimondrol\Desktop\bot\venv\Lib\site-packages\urllib3\connectionpool.py", line 534, in _make_request
    response = conn.getresponse()
               ^^^^^^^^^^^^^^^^^^
  File "C:\Users\Dimondrol\Desktop\bot\venv\Lib\site-packages\urllib3\connection.py", line 571, in getresponse
    httplib_response = super().getresponse()
                       ^^^^^^^^^^^^^^^^^^^^^
  File "C:\Users\Dimondrol\AppData\Local\Programs\Python\Python312\Lib\http\client.py", line 1428, in getresponse
    response.begin()
  File "C:\Users\Dimondrol\AppData\Local\Programs\Python\Python312\Lib\http\client.py", line 331, in begin
    version, status, reason = self._read_status()
                              ^^^^^^^^^^^^^^^^^^^
  File "C:\Users\Dimondrol\AppData\Local\Programs\Python\Python312\Lib\http\client.py", line 300, in _read_status
    raise RemoteDisconnected("Remote end closed connection without"
http.client.RemoteDisconnected: Remote end closed connection without response

During handling of the above exception, another exception occurred:

Traceback (most recent call last):
  File "C:\Users\Dimondrol\Desktop\bot\venv\Lib\site-packages\requests\adapters.py", line 644, in send
    resp = conn.urlopen(
           ^^^^^^^^^^^^^
  File "C:\Users\Dimondrol\Desktop\bot\venv\Lib\site-packages\urllib3\connectionpool.py", line 841, in urlopen
    retries = retries.increment(
              ^^^^^^^^^^^^^^^^^^
  File "C:\Users\Dimondrol\Desktop\bot\venv\Lib\site-packages\urllib3\util\retry.py", line 474, in increment
    raise reraise(type(error), error, _stacktrace)
          ^^^^^^^^^^^^^^^^^^^^^^^^^^^^^^^^^^^^^^^^
  File "C:\Users\Dimondrol\Desktop\bot\venv\Lib\site-packages\urllib3\util\util.py", line 38, in reraise
    raise value.with_traceback(tb)
  File "C:\Users\Dimondrol\Desktop\bot\venv\Lib\site-packages\urllib3\connectionpool.py", line 787, in urlopen
    response = self._make_request(
               ^^^^^^^^^^^^^^^^^^^
  File "C:\Users\Dimondrol\Desktop\bot\venv\Lib\site-packages\urllib3\connectionpool.py", line 534, in _make_request
    response = conn.getresponse()
               ^^^^^^^^^^^^^^^^^^
  File "C:\Users\Dimondrol\Desktop\bot\venv\Lib\site-packages\urllib3\connection.py", line 571, in getresponse
    httplib_response = super().getresponse()
                       ^^^^^^^^^^^^^^^^^^^^^
  File "C:\Users\Dimondrol\AppData\Local\Programs\Python\Python312\Lib\http\client.py", line 1428, in getresponse
    response.begin()
  File "C:\Users\Dimondrol\AppData\Local\Programs\Python\Python312\Lib\http\client.py", line 331, in begin
    version, status, reason = self._read_status()
                              ^^^^^^^^^^^^^^^^^^^
  File "C:\Users\Dimondrol\AppData\Local\Programs\Python\Python312\Lib\http\client.py", line 300, in _read_status
    raise RemoteDisconnected("Remote end closed connection without"
urllib3.exceptions.ProtocolError: ('Connection aborted.', RemoteDisconnected('Remote end closed connection without response'))

During handling of the above exception, another exception occurred:

Traceback (most recent call last):
  File "C:\Users\Dimondrol\Desktop\bot\bot.py", line 51, in on_callback
    handlers.callback_list_series(call, bot, page)
  File "C:\Users\Dimondrol\Desktop\bot\handlers.py", line 60, in callback_list_series
    bot.edit_message_text("Список сериалов:", chat_id, call.message.message_id, reply_markup=markup)
  File "C:\Users\Dimondrol\Desktop\bot\venv\Lib\site-packages\telebot\__init__.py", line 5349, in edit_message_text
    result = apihelper.edit_message_text(
             ^^^^^^^^^^^^^^^^^^^^^^^^^^^^
  File "C:\Users\Dimondrol\Desktop\bot\venv\Lib\site-packages\telebot\apihelper.py", line 1627, in edit_message_text
    return _make_request(token, method_url, params=payload, method='post')
           ^^^^^^^^^^^^^^^^^^^^^^^^^^^^^^^^^^^^^^^^^^^^^^^^^^^^^^^^^^^^^^^
  File "C:\Users\Dimondrol\Desktop\bot\venv\Lib\site-packages\telebot\apihelper.py", line 162, in _make_request
    result = _get_req_session().request(
             ^^^^^^^^^^^^^^^^^^^^^^^^^^^
  File "C:\Users\Dimondrol\Desktop\bot\venv\Lib\site-packages\requests\sessions.py", line 589, in request
    resp = self.send(prep, **send_kwargs)
           ^^^^^^^^^^^^^^^^^^^^^^^^^^^^^^
  File "C:\Users\Dimondrol\Desktop\bot\venv\Lib\site-packages\requests\sessions.py", line 703, in send
    r = adapter.send(request, **kwargs)
        ^^^^^^^^^^^^^^^^^^^^^^^^^^^^^^^
  File "C:\Users\Dimondrol\Desktop\bot\venv\Lib\site-packages\requests\adapters.py", line 659, in send
    raise ConnectionError(err, request=request)
requests.exceptions.ConnectionError: ('Connection aborted.', RemoteDisconnected('Remote end closed connection without response'))
2025-12-07 22:38:53,364 ERROR Error in callback handling
Traceback (most recent call last):
  File "C:\Users\Dimondrol\Desktop\bot\venv\Lib\site-packages\urllib3\connectionpool.py", line 787, in urlopen
    response = self._make_request(
               ^^^^^^^^^^^^^^^^^^^
  File "C:\Users\Dimondrol\Desktop\bot\venv\Lib\site-packages\urllib3\connectionpool.py", line 534, in _make_request
    response = conn.getresponse()
               ^^^^^^^^^^^^^^^^^^
  File "C:\Users\Dimondrol\Desktop\bot\venv\Lib\site-packages\urllib3\connection.py", line 571, in getresponse
    httplib_response = super().getresponse()
                       ^^^^^^^^^^^^^^^^^^^^^
  File "C:\Users\Dimondrol\AppData\Local\Programs\Python\Python312\Lib\http\client.py", line 1428, in getresponse
    response.begin()
  File "C:\Users\Dimondrol\AppData\Local\Programs\Python\Python312\Lib\http\client.py", line 331, in begin
    version, status, reason = self._read_status()
                              ^^^^^^^^^^^^^^^^^^^
  File "C:\Users\Dimondrol\AppData\Local\Programs\Python\Python312\Lib\http\client.py", line 300, in _read_status
    raise RemoteDisconnected("Remote end closed connection without"
http.client.RemoteDisconnected: Remote end closed connection without response

The above exception was the direct cause of the following exception:

urllib3.exceptions.ProxyError: ('Unable to connect to proxy', RemoteDisconnected('Remote end closed connection without response'))

The above exception was the direct cause of the following exception:

Traceback (most recent call last):
  File "C:\Users\Dimondrol\Desktop\bot\venv\Lib\site-packages\requests\adapters.py", line 644, in send
    resp = conn.urlopen(
           ^^^^^^^^^^^^^
  File "C:\Users\Dimondrol\Desktop\bot\venv\Lib\site-packages\urllib3\connectionpool.py", line 841, in urlopen
    retries = retries.increment(
              ^^^^^^^^^^^^^^^^^^
  File "C:\Users\Dimondrol\Desktop\bot\venv\Lib\site-packages\urllib3\util\retry.py", line 519, in increment
    raise MaxRetryError(_pool, url, reason) from reason  # type: ignore[arg-type]
    ^^^^^^^^^^^^^^^^^^^^^^^^^^^^^^^^^^^^^^^^^^^^^^^^^^^
urllib3.exceptions.MaxRetryError: HTTPSConnectionPool(host='api.telegram.org', port=443): Max retries exceeded with url: /bot8154142653:AAH4c34ft-eAat6mln-uL2I7fye9itS79vE/editMessageText?text=%D0%98%D0%B7%D0%B1%D1%80%D0%B0%D0%BD%D0%BD%D0%BE%D0%B5%3A&chat_id=1374615669&message_id=1173&parse_mode=HTML&reply_markup=%7B%22inline_keyboard%22%3A+%5B%5B%7B%22text%22%3A+%22%5Cud83d%5Cudd19+%5Cu041c%5Cu0435%5Cu043d%5Cu044e%22%2C+%22callback_data%22%3A+%22main_menu%22%7D%5D%5D%7D (Caused by ProxyError('Unable to connect to proxy', RemoteDisconnected('Remote end closed connection without response')))

During handling of the above exception, another exception occurred:

Traceback (most recent call last):
  File "C:\Users\Dimondrol\Desktop\bot\bot.py", line 122, in on_callback
    handlers.callback_favorites(call, bot)
  File "C:\Users\Dimondrol\Desktop\bot\handlers.py", line 563, in callback_favorites
    bot.edit_message_text("Избранное:", call.message.chat.id, call.message.message_id, reply_markup=markup)
  File "C:\Users\Dimondrol\Desktop\bot\venv\Lib\site-packages\telebot\__init__.py", line 5349, in edit_message_text
    result = apihelper.edit_message_text(
             ^^^^^^^^^^^^^^^^^^^^^^^^^^^^
  File "C:\Users\Dimondrol\Desktop\bot\venv\Lib\site-packages\telebot\apihelper.py", line 1627, in edit_message_text
    return _make_request(token, method_url, params=payload, method='post')
           ^^^^^^^^^^^^^^^^^^^^^^^^^^^^^^^^^^^^^^^^^^^^^^^^^^^^^^^^^^^^^^^
  File "C:\Users\Dimondrol\Desktop\bot\venv\Lib\site-packages\telebot\apihelper.py", line 162, in _make_request
    result = _get_req_session().request(
             ^^^^^^^^^^^^^^^^^^^^^^^^^^^
  File "C:\Users\Dimondrol\Desktop\bot\venv\Lib\site-packages\requests\sessions.py", line 589, in request
    resp = self.send(prep, **send_kwargs)
           ^^^^^^^^^^^^^^^^^^^^^^^^^^^^^^
  File "C:\Users\Dimondrol\Desktop\bot\venv\Lib\site-packages\requests\sessions.py", line 703, in send
    r = adapter.send(request, **kwargs)
        ^^^^^^^^^^^^^^^^^^^^^^^^^^^^^^^
  File "C:\Users\Dimondrol\Desktop\bot\venv\Lib\site-packages\requests\adapters.py", line 671, in send
    raise ProxyError(e, request=request)
requests.exceptions.ProxyError: HTTPSConnectionPool(host='api.telegram.org', port=443): Max retries exceeded with url: /bot8154142653:AAH4c34ft-eAat6mln-uL2I7fye9itS79vE/editMessageText?text=%D0%98%D0%B7%D0%B1%D1%80%D0%B0%D0%BD%D0%BD%D0%BE%D0%B5%3A&chat_id=1374615669&message_id=1173&parse_mode=HTML&reply_markup=%7B%22inline_keyboard%22%3A+%5B%5B%7B%22text%22%3A+%22%5Cud83d%5Cudd19+%5Cu041c%5Cu0435%5Cu043d%5Cu044e%22%2C+%22callback_data%22%3A+%22main_menu%22%7D%5D%5D%7D (Caused by ProxyError('Unable to connect to proxy', RemoteDisconnected('Remote end closed connection without response')))
2025-12-07 22:39:16,166 ERROR Error in callback handling
Traceback (most recent call last):
  File "C:\Users\Dimondrol\Desktop\bot\venv\Lib\site-packages\urllib3\connectionpool.py", line 787, in urlopen
    response = self._make_request(
               ^^^^^^^^^^^^^^^^^^^
  File "C:\Users\Dimondrol\Desktop\bot\venv\Lib\site-packages\urllib3\connectionpool.py", line 534, in _make_request
    response = conn.getresponse()
               ^^^^^^^^^^^^^^^^^^
  File "C:\Users\Dimondrol\Desktop\bot\venv\Lib\site-packages\urllib3\connection.py", line 571, in getresponse
    httplib_response = super().getresponse()
                       ^^^^^^^^^^^^^^^^^^^^^
  File "C:\Users\Dimondrol\AppData\Local\Programs\Python\Python312\Lib\http\client.py", line 1428, in getresponse
    response.begin()
  File "C:\Users\Dimondrol\AppData\Local\Programs\Python\Python312\Lib\http\client.py", line 331, in begin
    version, status, reason = self._read_status()
                              ^^^^^^^^^^^^^^^^^^^
  File "C:\Users\Dimondrol\AppData\Local\Programs\Python\Python312\Lib\http\client.py", line 300, in _read_status
    raise RemoteDisconnected("Remote end closed connection without"
http.client.RemoteDisconnected: Remote end closed connection without response

The above exception was the direct cause of the following exception:

urllib3.exceptions.ProxyError: ('Unable to connect to proxy', RemoteDisconnected('Remote end closed connection without response'))

The above exception was the direct cause of the following exception:

Traceback (most recent call last):
  File "C:\Users\Dimondrol\Desktop\bot\venv\Lib\site-packages\requests\adapters.py", line 644, in send
    resp = conn.urlopen(
           ^^^^^^^^^^^^^
  File "C:\Users\Dimondrol\Desktop\bot\venv\Lib\site-packages\urllib3\connectionpool.py", line 841, in urlopen
    retries = retries.increment(
              ^^^^^^^^^^^^^^^^^^
  File "C:\Users\Dimondrol\Desktop\bot\venv\Lib\site-packages\urllib3\util\retry.py", line 519, in increment
    raise MaxRetryError(_pool, url, reason) from reason  # type: ignore[arg-type]
    ^^^^^^^^^^^^^^^^^^^^^^^^^^^^^^^^^^^^^^^^^^^^^^^^^^^
urllib3.exceptions.MaxRetryError: HTTPSConnectionPool(host='api.telegram.org', port=443): Max retries exceeded with url: /bot8154142653:AAH4c34ft-eAat6mln-uL2I7fye9itS79vE/editMessageText?text=%D0%A1%D0%BF%D0%B8%D1%81%D0%BE%D0%BA+%D1%81%D0%B5%D1%80%D0%B8%D0%B0%D0%BB%D0%BE%D0%B2%3A&chat_id=1374615669&message_id=1173&parse_mode=HTML&reply_markup=%7B%22inline_keyboard%22%3A+%5B%5B%7B%22text%22%3A+%22%5Cu0410%5Cu0440%5Cu043a%5Cu0435%5Cu0439%5Cu043d%22%2C+%22callback_data%22%3A+%22series%3A2%22%7D%5D%2C+%5B%7B%22text%22%3A+%22%5Cu0420%5Cu0438%5Cu043a+%5Cu0438+%5Cu041c%5Cu043e%5Cu0440%5Cu0442%5Cu0438%22%2C+%22callback_data%22%3A+%22series%3A1%22%7D%5D%2C+%5B%7B%22text%22%3A+%22%5Cud83d%5Cudd19+%5Cu041c%5Cu0435%5Cu043d%5Cu044e%22%2C+%22callback_data%22%3A+%22main_menu%22%7D%5D%5D%7D (Caused by ProxyError('Unable to connect to proxy', RemoteDisconnected('Remote end closed connection without response')))

During handling of the above exception, another exception occurred:

Traceback (most recent call last):
  File "C:\Users\Dimondrol\Desktop\bot\bot.py", line 51, in on_callback
    handlers.callback_list_series(call, bot, page)
  File "C:\Users\Dimondrol\Desktop\bot\handlers.py", line 60, in callback_list_series
    bot.edit_message_text("Список сериалов:", chat_id, call.message.message_id, reply_markup=markup)
  File "C:\Users\Dimondrol\Desktop\bot\venv\Lib\site-packages\telebot\__init__.py", line 5349, in edit_message_text
    result = apihelper.edit_message_text(
             ^^^^^^^^^^^^^^^^^^^^^^^^^^^^
  File "C:\Users\Dimondrol\Desktop\bot\venv\Lib\site-packages\telebot\apihelper.py", line 1627, in edit_message_text
    return _make_request(token, method_url, params=payload, method='post')
           ^^^^^^^^^^^^^^^^^^^^^^^^^^^^^^^^^^^^^^^^^^^^^^^^^^^^^^^^^^^^^^^
  File "C:\Users\Dimondrol\Desktop\bot\venv\Lib\site-packages\telebot\apihelper.py", line 162, in _make_request
    result = _get_req_session().request(
             ^^^^^^^^^^^^^^^^^^^^^^^^^^^
  File "C:\Users\Dimondrol\Desktop\bot\venv\Lib\site-packages\requests\sessions.py", line 589, in request
    resp = self.send(prep, **send_kwargs)
           ^^^^^^^^^^^^^^^^^^^^^^^^^^^^^^
  File "C:\Users\Dimondrol\Desktop\bot\venv\Lib\site-packages\requests\sessions.py", line 703, in send
    r = adapter.send(request, **kwargs)
        ^^^^^^^^^^^^^^^^^^^^^^^^^^^^^^^
  File "C:\Users\Dimondrol\Desktop\bot\venv\Lib\site-packages\requests\adapters.py", line 671, in send
    raise ProxyError(e, request=request)
requests.exceptions.ProxyError: HTTPSConnectionPool(host='api.telegram.org', port=443): Max retries exceeded with url: /bot8154142653:AAH4c34ft-eAat6mln-uL2I7fye9itS79vE/editMessageText?text=%D0%A1%D0%BF%D0%B8%D1%81%D0%BE%D0%BA+%D1%81%D0%B5%D1%80%D0%B8%D0%B0%D0%BB%D0%BE%D0%B2%3A&chat_id=1374615669&message_id=1173&parse_mode=HTML&reply_markup=%7B%22inline_keyboard%22%3A+%5B%5B%7B%22text%22%3A+%22%5Cu0410%5Cu0440%5Cu043a%5Cu0435%5Cu0439%5Cu043d%22%2C+%22callback_data%22%3A+%22series%3A2%22%7D%5D%2C+%5B%7B%22text%22%3A+%22%5Cu0420%5Cu0438%5Cu043a+%5Cu0438+%5Cu041c%5Cu043e%5Cu0440%5Cu0442%5Cu0438%22%2C+%22callback_data%22%3A+%22series%3A1%22%7D%5D%2C+%5B%7B%22text%22%3A+%22%5Cud83d%5Cudd19+%5Cu041c%5Cu0435%5Cu043d%5Cu044e%22%2C+%22callback_data%22%3A+%22main_menu%22%7D%5D%5D%7D (Caused by ProxyError('Unable to connect to proxy', RemoteDisconnected('Remote end closed connection without response')))
2025-12-08 15:28:01,660 ERROR Error in callback handling
Traceback (most recent call last):
  File "C:\Users\Dimondrol\Desktop\bot\bot.py", line 111, in on_callback
    handlers.callback_continue_watch(call, bot)
    ^^^^^^^^^^^^^^^^^^^^^^^^^^^^^^^^
AttributeError: module 'handlers' has no attribute 'callback_continue_watch'
2025-12-08 15:28:03,159 ERROR Error in callback handling
Traceback (most recent call last):
  File "C:\Users\Dimondrol\Desktop\bot\bot.py", line 123, in on_callback
    handlers.callback_favorites(call, bot)
    ^^^^^^^^^^^^^^^^^^^^^^^^^^^
AttributeError: module 'handlers' has no attribute 'callback_favorites'. Did you mean: 'callback_series'?
2025-12-08 15:28:03,551 ERROR Error in callback handling
Traceback (most recent call last):
  File "C:\Users\Dimondrol\Desktop\bot\bot.py", line 109, in on_callback
    handlers.cmd_search(call, bot)
    ^^^^^^^^^^^^^^^^^^^
AttributeError: module 'handlers' has no attribute 'cmd_search'
2025-12-08 17:19:43,968 ERROR Ошибка в callback
Traceback (most recent call last):
  File "C:\Users\Dimondrol\Desktop\bot\bot.py", line 155, in on_callback
    handlers.process_smart_add_episode(call, bot, series_id, pending_key)
  File "C:\Users\Dimondrol\Desktop\bot\handlers.py", line 639, in process_smart_add_episode
    callback_season(call, bot, season_id_db)
  File "C:\Users\Dimondrol\Desktop\bot\handlers.py", line 98, in callback_season
    bot.edit_message_text("Выберите эпизод:", chat_id, call.message.message_id, reply_markup=markup)
  File "C:\Users\Dimondrol\Desktop\bot\venv\Lib\site-packages\telebot\__init__.py", line 5349, in edit_message_text
    result = apihelper.edit_message_text(
             ^^^^^^^^^^^^^^^^^^^^^^^^^^^^
  File "C:\Users\Dimondrol\Desktop\bot\venv\Lib\site-packages\telebot\apihelper.py", line 1627, in edit_message_text
    return _make_request(token, method_url, params=payload, method='post')
           ^^^^^^^^^^^^^^^^^^^^^^^^^^^^^^^^^^^^^^^^^^^^^^^^^^^^^^^^^^^^^^^
  File "C:\Users\Dimondrol\Desktop\bot\venv\Lib\site-packages\telebot\apihelper.py", line 168, in _make_request
    json_result = _check_result(method_name, result)
                  ^^^^^^^^^^^^^^^^^^^^^^^^^^^^^^^^^^
  File "C:\Users\Dimondrol\Desktop\bot\venv\Lib\site-packages\telebot\apihelper.py", line 197, in _check_result
    raise ApiTelegramException(method_name, result, result_json)
telebot.apihelper.ApiTelegramException: A request to the Telegram API was unsuccessful. Error code: 400. Description: Bad Request: message to edit not found
2025-12-08 17:19:45,653 ERROR Ошибка в callback
Traceback (most recent call last):
  File "C:\Users\Dimondrol\Desktop\bot\bot.py", line 155, in on_callback
    handlers.process_smart_add_episode(call, bot, series_id, pending_key)
  File "C:\Users\Dimondrol\Desktop\bot\handlers.py", line 639, in process_smart_add_episode
    callback_season(call, bot, season_id_db)
  File "C:\Users\Dimondrol\Desktop\bot\handlers.py", line 98, in callback_season
    bot.edit_message_text("Выберите эпизод:", chat_id, call.message.message_id, reply_markup=markup)
  File "C:\Users\Dimondrol\Desktop\bot\venv\Lib\site-packages\telebot\__init__.py", line 5349, in edit_message_text
    result = apihelper.edit_message_text(
             ^^^^^^^^^^^^^^^^^^^^^^^^^^^^
  File "C:\Users\Dimondrol\Desktop\bot\venv\Lib\site-packages\telebot\apihelper.py", line 1627, in edit_message_text
    return _make_request(token, method_url, params=payload, method='post')
           ^^^^^^^^^^^^^^^^^^^^^^^^^^^^^^^^^^^^^^^^^^^^^^^^^^^^^^^^^^^^^^^
  File "C:\Users\Dimondrol\Desktop\bot\venv\Lib\site-packages\telebot\apihelper.py", line 168, in _make_request
    json_result = _check_result(method_name, result)
                  ^^^^^^^^^^^^^^^^^^^^^^^^^^^^^^^^^^
  File "C:\Users\Dimondrol\Desktop\bot\venv\Lib\site-packages\telebot\apihelper.py", line 197, in _check_result
    raise ApiTelegramException(method_name, result, result_json)
telebot.apihelper.ApiTelegramException: A request to the Telegram API was unsuccessful. Error code: 400. Description: Bad Request: message to edit not found
2025-12-08 17:19:48,152 ERROR Ошибка в callback
Traceback (most recent call last):
  File "C:\Users\Dimondrol\Desktop\bot\bot.py", line 155, in on_callback
    handlers.process_smart_add_episode(call, bot, series_id, pending_key)
  File "C:\Users\Dimondrol\Desktop\bot\handlers.py", line 636, in process_smart_add_episode
    handlers.send_main(chat_id, bot)  # показываем главное меню только в конце
    ^^^^^^^^
NameError: name 'handlers' is not defined
2025-12-08 17:40:56,361 ERROR Ошибка в callback
Traceback (most recent call last):
  File "C:\Users\Dimondrol\Desktop\bot\bot.py", line 159, in on_callback
    handlers.process_smart_add_episode(call, bot, series_id, pending_key)
  File "C:\Users\Dimondrol\Desktop\bot\handlers.py", line 640, in process_smart_add_episode
    callback_season(call, bot, season_id_db)
  File "C:\Users\Dimondrol\Desktop\bot\handlers.py", line 98, in callback_season
    bot.edit_message_text("Выберите эпизод:", chat_id, call.message.message_id, reply_markup=markup)
  File "C:\Users\Dimondrol\Desktop\bot\venv\Lib\site-packages\telebot\__init__.py", line 5349, in edit_message_text
    result = apihelper.edit_message_text(
             ^^^^^^^^^^^^^^^^^^^^^^^^^^^^
  File "C:\Users\Dimondrol\Desktop\bot\venv\Lib\site-packages\telebot\apihelper.py", line 1627, in edit_message_text
    return _make_request(token, method_url, params=payload, method='post')
           ^^^^^^^^^^^^^^^^^^^^^^^^^^^^^^^^^^^^^^^^^^^^^^^^^^^^^^^^^^^^^^^
  File "C:\Users\Dimondrol\Desktop\bot\venv\Lib\site-packages\telebot\apihelper.py", line 168, in _make_request
    json_result = _check_result(method_name, result)
                  ^^^^^^^^^^^^^^^^^^^^^^^^^^^^^^^^^^
  File "C:\Users\Dimondrol\Desktop\bot\venv\Lib\site-packages\telebot\apihelper.py", line 197, in _check_result
    raise ApiTelegramException(method_name, result, result_json)
telebot.apihelper.ApiTelegramException: A request to the Telegram API was unsuccessful. Error code: 400. Description: Bad Request: message to edit not found
2025-12-08 17:40:58,095 ERROR Ошибка в callback
Traceback (most recent call last):
  File "C:\Users\Dimondrol\Desktop\bot\bot.py", line 159, in on_callback
    handlers.process_smart_add_episode(call, bot, series_id, pending_key)
  File "C:\Users\Dimondrol\Desktop\bot\handlers.py", line 640, in process_smart_add_episode
    callback_season(call, bot, season_id_db)
  File "C:\Users\Dimondrol\Desktop\bot\handlers.py", line 98, in callback_season
    bot.edit_message_text("Выберите эпизод:", chat_id, call.message.message_id, reply_markup=markup)
  File "C:\Users\Dimondrol\Desktop\bot\venv\Lib\site-packages\telebot\__init__.py", line 5349, in edit_message_text
    result = apihelper.edit_message_text(
             ^^^^^^^^^^^^^^^^^^^^^^^^^^^^
  File "C:\Users\Dimondrol\Desktop\bot\venv\Lib\site-packages\telebot\apihelper.py", line 1627, in edit_message_text
    return _make_request(token, method_url, params=payload, method='post')
           ^^^^^^^^^^^^^^^^^^^^^^^^^^^^^^^^^^^^^^^^^^^^^^^^^^^^^^^^^^^^^^^
  File "C:\Users\Dimondrol\Desktop\bot\venv\Lib\site-packages\telebot\apihelper.py", line 168, in _make_request
    json_result = _check_result(method_name, result)
                  ^^^^^^^^^^^^^^^^^^^^^^^^^^^^^^^^^^
  File "C:\Users\Dimondrol\Desktop\bot\venv\Lib\site-packages\telebot\apihelper.py", line 197, in _check_result
    raise ApiTelegramException(method_name, result, result_json)
telebot.apihelper.ApiTelegramException: A request to the Telegram API was unsuccessful. Error code: 400. Description: Bad Request: message to edit not found
2025-12-08 17:40:58,849 ERROR Ошибка в callback
Traceback (most recent call last):
  File "C:\Users\Dimondrol\Desktop\bot\bot.py", line 159, in on_callback
    handlers.process_smart_add_episode(call, bot, series_id, pending_key)
  File "C:\Users\Dimondrol\Desktop\bot\handlers.py", line 636, in process_smart_add_episode
    handlers.send_main(chat_id, bot)
    ^^^^^^^^
NameError: name 'handlers' is not defined
2025-12-08 18:38:26,593 ERROR Ошибка в callback
Traceback (most recent call last):
  File "C:\Users\Dimondrol\Desktop\bot\venv\Lib\site-packages\urllib3\connectionpool.py", line 787, in urlopen
    response = self._make_request(
               ^^^^^^^^^^^^^^^^^^^
  File "C:\Users\Dimondrol\Desktop\bot\venv\Lib\site-packages\urllib3\connectionpool.py", line 534, in _make_request
    response = conn.getresponse()
               ^^^^^^^^^^^^^^^^^^
  File "C:\Users\Dimondrol\Desktop\bot\venv\Lib\site-packages\urllib3\connection.py", line 571, in getresponse
    httplib_response = super().getresponse()
                       ^^^^^^^^^^^^^^^^^^^^^
  File "C:\Users\Dimondrol\AppData\Local\Programs\Python\Python312\Lib\http\client.py", line 1428, in getresponse
    response.begin()
  File "C:\Users\Dimondrol\AppData\Local\Programs\Python\Python312\Lib\http\client.py", line 331, in begin
    version, status, reason = self._read_status()
                              ^^^^^^^^^^^^^^^^^^^
  File "C:\Users\Dimondrol\AppData\Local\Programs\Python\Python312\Lib\http\client.py", line 300, in _read_status
    raise RemoteDisconnected("Remote end closed connection without"
http.client.RemoteDisconnected: Remote end closed connection without response

The above exception was the direct cause of the following exception:

urllib3.exceptions.ProxyError: ('Unable to connect to proxy', RemoteDisconnected('Remote end closed connection without response'))

The above exception was the direct cause of the following exception:

Traceback (most recent call last):
  File "C:\Users\Dimondrol\Desktop\bot\venv\Lib\site-packages\requests\adapters.py", line 644, in send
    resp = conn.urlopen(
           ^^^^^^^^^^^^^
  File "C:\Users\Dimondrol\Desktop\bot\venv\Lib\site-packages\urllib3\connectionpool.py", line 841, in urlopen
    retries = retries.increment(
              ^^^^^^^^^^^^^^^^^^
  File "C:\Users\Dimondrol\Desktop\bot\venv\Lib\site-packages\urllib3\util\retry.py", line 519, in increment
    raise MaxRetryError(_pool, url, reason) from reason  # type: ignore[arg-type]
    ^^^^^^^^^^^^^^^^^^^^^^^^^^^^^^^^^^^^^^^^^^^^^^^^^^^
urllib3.exceptions.MaxRetryError: HTTPSConnectionPool(host='api.telegram.org', port=443): Max retries exceeded with url: /bot8154142653:AAH4c34ft-eAat6mln-uL2I7fye9itS79vE/editMessageText?text=%D0%A1%D0%BF%D0%B8%D1%81%D0%BE%D0%BA+%D1%81%D0%B5%D1%80%D0%B8%D0%B0%D0%BB%D0%BE%D0%B2%3A&chat_id=1374615669&message_id=1339&parse_mode=HTML&reply_markup=%7B%22inline_keyboard%22%3A+%5B%5B%7B%22text%22%3A+%22%5Cu0410%5Cu0440%5Cu043a%5Cu0435%5Cu0439%5Cu043d%22%2C+%22callback_data%22%3A+%22series%3A2%22%7D%5D%2C+%5B%7B%22text%22%3A+%22%5Cu0413%5Cu0435%5Cu0440%5Cu043e%5Cu0438+%5Cu042d%5Cu043d%5Cu0432%5Cu0435%5Cu043b%5Cu0430%22%2C+%22callback_data%22%3A+%22series%3A3%22%7D%5D%2C+%5B%7B%22text%22%3A+%22%5Cu0420%5Cu0438%5Cu043a+%5Cu0438+%5Cu041c%5Cu043e%5Cu0440%5Cu0442%5Cu0438%22%2C+%22callback_data%22%3A+%22series%3A1%22%7D%5D%2C+%5B%7B%22text%22%3A+%22%5Cud83d%5Cudd19+%5Cu041c%5Cu0435%5Cu043d%5Cu044e%22%2C+%22callback_data%22%3A+%22main_menu%22%7D%5D%5D%7D (Caused by ProxyError('Unable to connect to proxy', RemoteDisconnected('Remote end closed connection without response')))

During handling of the above exception, another exception occurred:

Traceback (most recent call last):
  File "C:\Users\Dimondrol\Desktop\bot\bot.py", line 69, in on_callback
    handlers.callback_list_series(call, bot, page)
  File "C:\Users\Dimondrol\Desktop\bot\handlers.py", line 60, in callback_list_series
    bot.edit_message_text("Список сериалов:", chat_id, call.message.message_id, reply_markup=markup)
  File "C:\Users\Dimondrol\Desktop\bot\venv\Lib\site-packages\telebot\__init__.py", line 5349, in edit_message_text
    result = apihelper.edit_message_text(
             ^^^^^^^^^^^^^^^^^^^^^^^^^^^^
  File "C:\Users\Dimondrol\Desktop\bot\venv\Lib\site-packages\telebot\apihelper.py", line 1627, in edit_message_text
    return _make_request(token, method_url, params=payload, method='post')
           ^^^^^^^^^^^^^^^^^^^^^^^^^^^^^^^^^^^^^^^^^^^^^^^^^^^^^^^^^^^^^^^
  File "C:\Users\Dimondrol\Desktop\bot\venv\Lib\site-packages\telebot\apihelper.py", line 162, in _make_request
    result = _get_req_session().request(
             ^^^^^^^^^^^^^^^^^^^^^^^^^^^
  File "C:\Users\Dimondrol\Desktop\bot\venv\Lib\site-packages\requests\sessions.py", line 589, in request
    resp = self.send(prep, **send_kwargs)
           ^^^^^^^^^^^^^^^^^^^^^^^^^^^^^^
  File "C:\Users\Dimondrol\Desktop\bot\venv\Lib\site-packages\requests\sessions.py", line 703, in send
    r = adapter.send(request, **kwargs)
        ^^^^^^^^^^^^^^^^^^^^^^^^^^^^^^^
  File "C:\Users\Dimondrol\Desktop\bot\venv\Lib\site-packages\requests\adapters.py", line 671, in send
    raise ProxyError(e, request=request)
requests.exceptions.ProxyError: HTTPSConnectionPool(host='api.telegram.org', port=443): Max retries exceeded with url: /bot8154142653:AAH4c34ft-eAat6mln-uL2I7fye9itS79vE/editMessageText?text=%D0%A1%D0%BF%D0%B8%D1%81%D0%BE%D0%BA+%D1%81%D0%B5%D1%80%D0%B8%D0%B0%D0%BB%D0%BE%D0%B2%3A&chat_id=1374615669&message_id=1339&parse_mode=HTML&reply_markup=%7B%22inline_keyboard%22%3A+%5B%5B%7B%22text%22%3A+%22%5Cu0410%5Cu0440%5Cu043a%5Cu0435%5Cu0439%5Cu043d%22%2C+%22callback_data%22%3A+%22series%3A2%22%7D%5D%2C+%5B%7B%22text%22%3A+%22%5Cu0413%5Cu0435%5Cu0440%5Cu043e%5Cu0438+%5Cu042d%5Cu043d%5Cu0432%5Cu0435%5Cu043b%5Cu0430%22%2C+%22callback_data%22%3A+%22series%3A3%22%7D%5D%2C+%5B%7B%22text%22%3A+%22%5Cu0420%5Cu0438%5Cu043a+%5Cu0438+%5Cu041c%5Cu043e%5Cu0440%5Cu0442%5Cu0438%22%2C+%22callback_data%22%3A+%22series%3A1%22%7D%5D%2C+%5B%7B%22text%22%3A+%22%5Cud83d%5Cudd19+%5Cu041c%5Cu0435%5Cu043d%5Cu044e%22%2C+%22callback_data%22%3A+%22main_menu%22%7D%5D%5D%7D (Caused by ProxyError('Unable to connect to proxy', RemoteDisconnected('Remote end closed connection without response')))
2025-12-08 18:38:27,897 ERROR Ошибка в callback
Traceback (most recent call last):
  File "C:\Users\Dimondrol\Desktop\bot\bot.py", line 88, in on_callback
    bot.send_message(call.message.chat.id, "Для добавления используйте /add", reply_markup=get_menu_keyboard())
                                                                                           ^^^^^^^^^^^^^^^^^
NameError: name 'get_menu_keyboard' is not defined
2025-12-08 18:53:21,630 ERROR Ошибка в callback
Traceback (most recent call last):
  File "C:\Users\Dimondrol\Desktop\bot\bot.py", line 146, in on_callback
    handlers.cmd_search(call, bot)
  File "C:\Users\Dimondrol\Desktop\bot\handlers.py", line 493, in cmd_search
    reply_markup=types.ReplyKeyboardRemove()
                 ^^^^^
NameError: name 'types' is not defined. Did you mean: 'type'? Or did you forget to import 'types'
2025-12-08 18:53:25,051 ERROR Ошибка в callback
Traceback (most recent call last):
  File "C:\Users\Dimondrol\Desktop\bot\bot.py", line 146, in on_callback
    handlers.cmd_search(call, bot)
  File "C:\Users\Dimondrol\Desktop\bot\handlers.py", line 493, in cmd_search
    reply_markup=types.ReplyKeyboardRemove()
                 ^^^^^
NameError: name 'types' is not defined. Did you mean: 'type'? Or did you forget to import 'types'
2025-12-08 18:53:34,309 ERROR Ошибка в callback
Traceback (most recent call last):
  File "C:\Users\Dimondrol\Desktop\bot\bot.py", line 146, in on_callback
    handlers.cmd_search(call, bot)
  File "C:\Users\Dimondrol\Desktop\bot\handlers.py", line 493, in cmd_search
    reply_markup=types.ReplyKeyboardRemove()
                 ^^^^^
NameError: name 'types' is not defined. Did you mean: 'type'? Or did you forget to import 'types'
2025-12-08 18:53:35,167 ERROR Ошибка в callback
Traceback (most recent call last):
  File "C:\Users\Dimondrol\Desktop\bot\bot.py", line 146, in on_callback
    handlers.cmd_search(call, bot)
  File "C:\Users\Dimondrol\Desktop\bot\handlers.py", line 493, in cmd_search
    reply_markup=types.ReplyKeyboardRemove()
                 ^^^^^
NameError: name 'types' is not defined. Did you mean: 'type'? Or did you forget to import 'types'
2025-12-08 18:53:35,961 ERROR Ошибка в callback
Traceback (most recent call last):
  File "C:\Users\Dimondrol\Desktop\bot\bot.py", line 146, in on_callback
    handlers.cmd_search(call, bot)
  File "C:\Users\Dimondrol\Desktop\bot\handlers.py", line 493, in cmd_search
    reply_markup=types.ReplyKeyboardRemove()
                 ^^^^^
NameError: name 'types' is not defined. Did you mean: 'type'? Or did you forget to import 'types'
2025-12-08 18:53:36,747 ERROR Ошибка в callback
Traceback (most recent call last):
  File "C:\Users\Dimondrol\Desktop\bot\bot.py", line 146, in on_callback
    handlers.cmd_search(call, bot)
  File "C:\Users\Dimondrol\Desktop\bot\handlers.py", line 493, in cmd_search
    reply_markup=types.ReplyKeyboardRemove()
                 ^^^^^
NameError: name 'types' is not defined. Did you mean: 'type'? Or did you forget to import 'types'
2025-12-08 18:53:37,553 ERROR Ошибка в callback
Traceback (most recent call last):
  File "C:\Users\Dimondrol\Desktop\bot\bot.py", line 146, in on_callback
    handlers.cmd_search(call, bot)
  File "C:\Users\Dimondrol\Desktop\bot\handlers.py", line 493, in cmd_search
    reply_markup=types.ReplyKeyboardRemove()
                 ^^^^^
NameError: name 'types' is not defined. Did you mean: 'type'? Or did you forget to import 'types'
2025-12-08 18:54:00,548 ERROR Ошибка в callback
Traceback (most recent call last):
  File "C:\Users\Dimondrol\Desktop\bot\bot.py", line 84, in on_callback
    handlers.callback_episode(call, bot, eid)
  File "C:\Users\Dimondrol\Desktop\bot\handlers.py", line 135, in callback_episode
    caption=f"<b>{series['title']}</b>\nСезон {season['number']} • Серия {episode['number']} – {episode['title'] or 'Без названия'}",
                  ^^^^^^
NameError: name 'series' is not defined
2025-12-08 18:54:21,075 ERROR Ошибка в callback
Traceback (most recent call last):
  File "C:\Users\Dimondrol\Desktop\bot\bot.py", line 84, in on_callback
    handlers.callback_episode(call, bot, eid)
  File "C:\Users\Dimondrol\Desktop\bot\handlers.py", line 135, in callback_episode
    caption=f"<b>{series['title']}</b>\nСезон {season['number']} • Серия {episode['number']} – {episode['title'] or 'Без названия'}",
                  ^^^^^^
NameError: name 'series' is not defined
2025-12-08 18:54:41,548 ERROR Ошибка в callback
Traceback (most recent call last):
  File "C:\Users\Dimondrol\Desktop\bot\bot.py", line 84, in on_callback
    handlers.callback_episode(call, bot, eid)
  File "C:\Users\Dimondrol\Desktop\bot\handlers.py", line 135, in callback_episode
    caption=f"<b>{series['title']}</b>\nСезон {season['number']} • Серия {episode['number']} – {episode['title'] or 'Без названия'}",
                  ^^^^^^
NameError: name 'series' is not defined
2025-12-08 19:00:07,898 ERROR Ошибка в callback
Traceback (most recent call last):
  File "C:\Users\Dimondrol\Desktop\bot\bot.py", line 146, in on_callback
    handlers.cmd_search(call, bot)
  File "C:\Users\Dimondrol\Desktop\bot\handlers.py", line 489, in cmd_search
    reply_markup=types.ReplyKeyboardRemove()
                 ^^^^^
NameError: name 'types' is not defined. Did you mean: 'type'? Or did you forget to import 'types'
2025-12-08 19:00:10,164 ERROR Ошибка в callback
Traceback (most recent call last):
  File "C:\Users\Dimondrol\Desktop\bot\bot.py", line 146, in on_callback
    handlers.cmd_search(call, bot)
  File "C:\Users\Dimondrol\Desktop\bot\handlers.py", line 489, in cmd_search
    reply_markup=types.ReplyKeyboardRemove()
                 ^^^^^
NameError: name 'types' is not defined. Did you mean: 'type'? Or did you forget to import 'types'
2025-12-08 19:00:11,165 ERROR Ошибка в callback
Traceback (most recent call last):
  File "C:\Users\Dimondrol\Desktop\bot\bot.py", line 146, in on_callback
    handlers.cmd_search(call, bot)
  File "C:\Users\Dimondrol\Desktop\bot\handlers.py", line 489, in cmd_search
    reply_markup=types.ReplyKeyboardRemove()
                 ^^^^^
NameError: name 'types' is not defined. Did you mean: 'type'? Or did you forget to import 'types'
2025-12-08 19:00:12,183 ERROR Ошибка в callback
Traceback (most recent call last):
  File "C:\Users\Dimondrol\Desktop\bot\bot.py", line 146, in on_callback
    handlers.cmd_search(call, bot)
  File "C:\Users\Dimondrol\Desktop\bot\handlers.py", line 489, in cmd_search
    reply_markup=types.ReplyKeyboardRemove()
                 ^^^^^
NameError: name 'types' is not defined. Did you mean: 'type'? Or did you forget to import 'types'
2025-12-08 19:00:27,689 ERROR Ошибка в callback
Traceback (most recent call last):
  File "C:\Users\Dimondrol\Desktop\bot\bot.py", line 84, in on_callback
    handlers.callback_episode(call, bot, eid)
  File "C:\Users\Dimondrol\Desktop\bot\handlers.py", line 169, in callback_episode
    bot.send_message(chat_id, " ", reply_markup=types.ReplyKeyboardRemove())
                                                ^^^^^
NameError: name 'types' is not defined. Did you mean: 'type'? Or did you forget to import 'types'
2025-12-08 19:01:02,986 ERROR Ошибка в callback
Traceback (most recent call last):
  File "C:\Users\Dimondrol\Desktop\bot\bot.py", line 84, in on_callback
    handlers.callback_episode(call, bot, eid)
  File "C:\Users\Dimondrol\Desktop\bot\handlers.py", line 169, in callback_episode
    bot.send_message(chat_id, " ", reply_markup=types.ReplyKeyboardRemove())
                                                ^^^^^
NameError: name 'types' is not defined. Did you mean: 'type'? Or did you forget to import 'types'
2025-12-08 19:01:21,203 ERROR Ошибка в callback
Traceback (most recent call last):
  File "C:\Users\Dimondrol\Desktop\bot\bot.py", line 84, in on_callback
    handlers.callback_episode(call, bot, eid)
  File "C:\Users\Dimondrol\Desktop\bot\handlers.py", line 169, in callback_episode
    bot.send_message(chat_id, " ", reply_markup=types.ReplyKeyboardRemove())
                                                ^^^^^
NameError: name 'types' is not defined. Did you mean: 'type'? Or did you forget to import 'types'
2025-12-08 19:01:44,543 ERROR Ошибка в callback
Traceback (most recent call last):
  File "C:\Users\Dimondrol\Desktop\bot\bot.py", line 84, in on_callback
    handlers.callback_episode(call, bot, eid)
  File "C:\Users\Dimondrol\Desktop\bot\handlers.py", line 169, in callback_episode
    bot.send_message(chat_id, " ", reply_markup=types.ReplyKeyboardRemove())
                                                ^^^^^
NameError: name 'types' is not defined. Did you mean: 'type'? Or did you forget to import 'types'
2025-12-08 19:01:48,665 ERROR Ошибка в callback
Traceback (most recent call last):
  File "C:\Users\Dimondrol\Desktop\bot\bot.py", line 84, in on_callback
    handlers.callback_episode(call, bot, eid)
  File "C:\Users\Dimondrol\Desktop\bot\handlers.py", line 169, in callback_episode
    bot.send_message(chat_id, " ", reply_markup=types.ReplyKeyboardRemove())
                                                ^^^^^
NameError: name 'types' is not defined. Did you mean: 'type'? Or did you forget to import 'types'
2025-12-08 19:32:56,651 ERROR Ошибка в callback
Traceback (most recent call last):
  File "C:\Users\Dimondrol\Desktop\bot\bot.py", line 146, in on_callback
    handlers.cmd_search(call, bot)
  File "C:\Users\Dimondrol\Desktop\bot\handlers.py", line 481, in cmd_search
    reply_markup=types.ReplyKeyboardRemove()
                 ^^^^^
NameError: name 'types' is not defined. Did you mean: 'type'? Or did you forget to import 'types'
2025-12-08 21:25:50,996 ERROR Ошибка в callback
Traceback (most recent call last):
  File "C:\Users\Dimondrol\Desktop\bot\bot.py", line 119, in on_callback
    handlers.process_smart_add_episode(call, bot, int(parts[1]), parts[2] if len(parts) > 2 else None)
  File "C:\Users\Dimondrol\Desktop\bot\handlers.py", line 477, in process_smart_add_episode
    _finalize_smart_add(chat_id, call.id, bot, series_id, pending_key)
  File "C:\Users\Dimondrol\Desktop\bot\handlers.py", line 506, in _finalize_smart_add
    bot.answer_callback_query(callback_id, f"Добавлено: S{season_num}E{ep_num}")
  File "C:\Users\Dimondrol\Desktop\bot\venv\Lib\site-packages\telebot\__init__.py", line 6456, in answer_callback_query
    return apihelper.answer_callback_query(
           ^^^^^^^^^^^^^^^^^^^^^^^^^^^^^^^^
  File "C:\Users\Dimondrol\Desktop\bot\venv\Lib\site-packages\telebot\apihelper.py", line 1996, in answer_callback_query
    return _make_request(token, method_url, params=payload, method='post')
           ^^^^^^^^^^^^^^^^^^^^^^^^^^^^^^^^^^^^^^^^^^^^^^^^^^^^^^^^^^^^^^^
  File "C:\Users\Dimondrol\Desktop\bot\venv\Lib\site-packages\telebot\apihelper.py", line 168, in _make_request
    json_result = _check_result(method_name, result)
                  ^^^^^^^^^^^^^^^^^^^^^^^^^^^^^^^^^^
  File "C:\Users\Dimondrol\Desktop\bot\venv\Lib\site-packages\telebot\apihelper.py", line 197, in _check_result
    raise ApiTelegramException(method_name, result, result_json)
telebot.apihelper.ApiTelegramException: A request to the Telegram API was unsuccessful. Error code: 400. Description: Bad Request: query is too old and response timeout expired or query ID is invalid
2025-12-08 21:26:03,886 ERROR Ошибка в callback
Traceback (most recent call last):
  File "C:\Users\Dimondrol\Desktop\bot\bot.py", line 119, in on_callback
    handlers.process_smart_add_episode(call, bot, int(parts[1]), parts[2] if len(parts) > 2 else None)
  File "C:\Users\Dimondrol\Desktop\bot\handlers.py", line 477, in process_smart_add_episode
    _finalize_smart_add(chat_id, call.id, bot, series_id, pending_key)
  File "C:\Users\Dimondrol\Desktop\bot\handlers.py", line 490, in _finalize_smart_add
    if callback_id: bot.answer_callback_query(callback_id, "Ошибка сессии")
                    ^^^^^^^^^^^^^^^^^^^^^^^^^^^^^^^^^^^^^^^^^^^^^^^^^^^^^^^
  File "C:\Users\Dimondrol\Desktop\bot\venv\Lib\site-packages\telebot\__init__.py", line 6456, in answer_callback_query
    return apihelper.answer_callback_query(
           ^^^^^^^^^^^^^^^^^^^^^^^^^^^^^^^^
  File "C:\Users\Dimondrol\Desktop\bot\venv\Lib\site-packages\telebot\apihelper.py", line 1996, in answer_callback_query
    return _make_request(token, method_url, params=payload, method='post')
           ^^^^^^^^^^^^^^^^^^^^^^^^^^^^^^^^^^^^^^^^^^^^^^^^^^^^^^^^^^^^^^^
  File "C:\Users\Dimondrol\Desktop\bot\venv\Lib\site-packages\telebot\apihelper.py", line 168, in _make_request
    json_result = _check_result(method_name, result)
                  ^^^^^^^^^^^^^^^^^^^^^^^^^^^^^^^^^^
  File "C:\Users\Dimondrol\Desktop\bot\venv\Lib\site-packages\telebot\apihelper.py", line 197, in _check_result
    raise ApiTelegramException(method_name, result, result_json)
telebot.apihelper.ApiTelegramException: A request to the Telegram API was unsuccessful. Error code: 400. Description: Bad Request: query is too old and response timeout expired or query ID is invalid
2025-12-08 22:52:32,311 ERROR Ошибка в callback
Traceback (most recent call last):
  File "C:\Users\Dimondrol\Desktop\bot\bot.py", line 105, in on_callback
    handlers.callback_continue_watch(call, bot)
  File "C:\Users\Dimondrol\Desktop\bot\handlers.py", line 482, in callback_continue_watch
    markup.row(InlineKeyboardButton(f"📺 {series_title}", callback_data=f"list_seasons:{db.get_series_id_by_title(series_title)}"))
                                                                                        ^^^^^^^^^^^^^^^^^^^^^^^^^
AttributeError: module 'db' has no attribute 'get_series_id_by_title'
2025-12-08 22:52:35,021 ERROR Ошибка в callback
Traceback (most recent call last):
  File "C:\Users\Dimondrol\Desktop\bot\bot.py", line 105, in on_callback
    handlers.callback_continue_watch(call, bot)
  File "C:\Users\Dimondrol\Desktop\bot\handlers.py", line 482, in callback_continue_watch
    markup.row(InlineKeyboardButton(f"📺 {series_title}", callback_data=f"list_seasons:{db.get_series_id_by_title(series_title)}"))
                                                                                        ^^^^^^^^^^^^^^^^^^^^^^^^^
AttributeError: module 'db' has no attribute 'get_series_id_by_title'
2025-12-10 16:24:22,375 ERROR Callback Error
Traceback (most recent call last):
  File "C:\Users\Dimondrol\Desktop\bot\bot.py", line 98, in on_callback
    handlers.process_batch_pick_season(call, bot, int(parts[1]), parts[2])
  File "C:\Users\Dimondrol\Desktop\bot\handlers.py", line 495, in process_batch_pick_season
    _finalize_batch(call.message.chat.id, bot, season["series_id"], season_id, pending_key)
  File "C:\Users\Dimondrol\Desktop\bot\handlers.py", line 480, in _finalize_batch
    uploaded_at=f["file_info"].date or datetime.datetime.now(datetime.timezone.utc)
                ^^^^^^^^^^^^^^^^^^^
AttributeError: 'Video' object has no attribute 'date'
2025-12-10 16:40:34,504 ERROR Callback Error
Traceback (most recent call last):
  File "C:\Users\Dimondrol\Desktop\bot\bot.py", line 112, in on_callback
    handlers.process_smart_add_episode(call, bot, int(parts[1]), parts[2] if len(parts) > 2 else None)
  File "C:\Users\Dimondrol\Desktop\bot\handlers.py", line 445, in process_smart_add_episode
    _finalize_smart_add(call.message.chat.id, call.id, bot, series_id, pending_key)
  File "C:\Users\Dimondrol\Desktop\bot\handlers.py", line 484, in _finalize_smart_add
    if callback_id: bot.answer_callback_query(callback_id, msg_text)
                    ^^^^^^^^^^^^^^^^^^^^^^^^^^^^^^^^^^^^^^^^^^^^^^^^
  File "C:\Users\Dimondrol\Desktop\bot\venv\Lib\site-packages\telebot\__init__.py", line 6456, in answer_callback_query
    return apihelper.answer_callback_query(
           ^^^^^^^^^^^^^^^^^^^^^^^^^^^^^^^^
  File "C:\Users\Dimondrol\Desktop\bot\venv\Lib\site-packages\telebot\apihelper.py", line 1996, in answer_callback_query
    return _make_request(token, method_url, params=payload, method='post')
           ^^^^^^^^^^^^^^^^^^^^^^^^^^^^^^^^^^^^^^^^^^^^^^^^^^^^^^^^^^^^^^^
  File "C:\Users\Dimondrol\Desktop\bot\venv\Lib\site-packages\telebot\apihelper.py", line 168, in _make_request
    json_result = _check_result(method_name, result)
                  ^^^^^^^^^^^^^^^^^^^^^^^^^^^^^^^^^^
  File "C:\Users\Dimondrol\Desktop\bot\venv\Lib\site-packages\telebot\apihelper.py", line 197, in _check_result
    raise ApiTelegramException(method_name, result, result_json)
telebot.apihelper.ApiTelegramException: A request to the Telegram API was unsuccessful. Error code: 400. Description: Bad Request: query is too old and response timeout expired or query ID is invalid
2025-12-10 16:50:27,588 WARNING TMDB fetch failed: HTTPSConnectionPool(host='api.themoviedb.org', port=443): Read timed out. (read timeout=5)
2025-12-10 22:19:41,668 ERROR Callback Error
Traceback (most recent call last):
  File "C:\Users\Dimondrol\Desktop\bot\bot.py", line 58, in on_callback
    handlers.callback_season(call, bot, int(data.split(":")[1]))
  File "C:\Users\Dimondrol\Desktop\bot\handlers.py", line 128, in callback_season
    rows = math.ceil(len(episodes_sorted) / cols)
           ^^^^
NameError: name 'math' is not defined. Did you forget to import 'math'
2025-12-10 22:19:43,054 ERROR Callback Error
Traceback (most recent call last):
  File "C:\Users\Dimondrol\Desktop\bot\bot.py", line 58, in on_callback
    handlers.callback_season(call, bot, int(data.split(":")[1]))
  File "C:\Users\Dimondrol\Desktop\bot\handlers.py", line 128, in callback_season
    rows = math.ceil(len(episodes_sorted) / cols)
           ^^^^
NameError: name 'math' is not defined. Did you forget to import 'math'
2025-12-10 22:19:46,519 ERROR Callback Error
Traceback (most recent call last):
  File "C:\Users\Dimondrol\Desktop\bot\bot.py", line 58, in on_callback
    handlers.callback_season(call, bot, int(data.split(":")[1]))
  File "C:\Users\Dimondrol\Desktop\bot\handlers.py", line 128, in callback_season
    rows = math.ceil(len(episodes_sorted) / cols)
           ^^^^
NameError: name 'math' is not defined. Did you forget to import 'math'
2025-12-11 18:51:17,700 ERROR Callback Error
Traceback (most recent call last):
  File "C:\Users\Dimondrol\Desktop\123\bot.py", line 59, in on_callback
    handlers.callback_series(call, bot, int(data.split(":")[1]))
  File "C:\Users\Dimondrol\Desktop\123\handlers.py", line 104, in callback_series
    if series_info and series_info.get("poster_file_id"):
                       ^^^^^^^^^^^^^^^
AttributeError: 'sqlite3.Row' object has no attribute 'get'
2025-12-11 18:51:19,443 ERROR Callback Error
Traceback (most recent call last):
  File "C:\Users\Dimondrol\Desktop\123\bot.py", line 59, in on_callback
    handlers.callback_series(call, bot, int(data.split(":")[1]))
  File "C:\Users\Dimondrol\Desktop\123\handlers.py", line 104, in callback_series
    if series_info and series_info.get("poster_file_id"):
                       ^^^^^^^^^^^^^^^
AttributeError: 'sqlite3.Row' object has no attribute 'get'
2025-12-11 18:51:20,522 ERROR Callback Error
Traceback (most recent call last):
  File "C:\Users\Dimondrol\Desktop\123\bot.py", line 59, in on_callback
    handlers.callback_series(call, bot, int(data.split(":")[1]))
  File "C:\Users\Dimondrol\Desktop\123\handlers.py", line 104, in callback_series
    if series_info and series_info.get("poster_file_id"):
                       ^^^^^^^^^^^^^^^
AttributeError: 'sqlite3.Row' object has no attribute 'get'
2025-12-11 19:01:50,622 ERROR Callback Error
Traceback (most recent call last):
  File "C:\Users\Dimondrol\Desktop\123\bot.py", line 59, in on_callback
    handlers.callback_series(call, bot, int(data.split(":")[1]))
  File "C:\Users\Dimondrol\Desktop\123\handlers.py", line 108, in callback_series
    if series_info and series_info.get("poster_file_id"):
                       ^^^^^^^^^^^^^^^
AttributeError: 'sqlite3.Row' object has no attribute 'get'
2025-12-11 19:01:51,696 ERROR Callback Error
Traceback (most recent call last):
  File "C:\Users\Dimondrol\Desktop\123\bot.py", line 59, in on_callback
    handlers.callback_series(call, bot, int(data.split(":")[1]))
  File "C:\Users\Dimondrol\Desktop\123\handlers.py", line 108, in callback_series
    if series_info and series_info.get("poster_file_id"):
                       ^^^^^^^^^^^^^^^
AttributeError: 'sqlite3.Row' object has no attribute 'get'
2025-12-11 20:17:33,049 ERROR Callback Error
Traceback (most recent call last):
  File "C:\Users\Dimondrol\Desktop\123\venv\Lib\site-packages\urllib3\connectionpool.py", line 787, in urlopen
    response = self._make_request(
               ^^^^^^^^^^^^^^^^^^^
  File "C:\Users\Dimondrol\Desktop\123\venv\Lib\site-packages\urllib3\connectionpool.py", line 534, in _make_request
    response = conn.getresponse()
               ^^^^^^^^^^^^^^^^^^
  File "C:\Users\Dimondrol\Desktop\123\venv\Lib\site-packages\urllib3\connection.py", line 571, in getresponse
    httplib_response = super().getresponse()
                       ^^^^^^^^^^^^^^^^^^^^^
  File "C:\Users\Dimondrol\AppData\Local\Programs\Python\Python312\Lib\http\client.py", line 1428, in getresponse
    response.begin()
  File "C:\Users\Dimondrol\AppData\Local\Programs\Python\Python312\Lib\http\client.py", line 331, in begin
    version, status, reason = self._read_status()
                              ^^^^^^^^^^^^^^^^^^^
  File "C:\Users\Dimondrol\AppData\Local\Programs\Python\Python312\Lib\http\client.py", line 300, in _read_status
    raise RemoteDisconnected("Remote end closed connection without"
http.client.RemoteDisconnected: Remote end closed connection without response

The above exception was the direct cause of the following exception:

urllib3.exceptions.ProxyError: ('Unable to connect to proxy', RemoteDisconnected('Remote end closed connection without response'))

The above exception was the direct cause of the following exception:

Traceback (most recent call last):
  File "C:\Users\Dimondrol\Desktop\123\venv\Lib\site-packages\requests\adapters.py", line 644, in send
    resp = conn.urlopen(
           ^^^^^^^^^^^^^
  File "C:\Users\Dimondrol\Desktop\123\venv\Lib\site-packages\urllib3\connectionpool.py", line 841, in urlopen
    retries = retries.increment(
              ^^^^^^^^^^^^^^^^^^
  File "C:\Users\Dimondrol\Desktop\123\venv\Lib\site-packages\urllib3\util\retry.py", line 519, in increment
    raise MaxRetryError(_pool, url, reason) from reason  # type: ignore[arg-type]
    ^^^^^^^^^^^^^^^^^^^^^^^^^^^^^^^^^^^^^^^^^^^^^^^^^^^
urllib3.exceptions.MaxRetryError: HTTPSConnectionPool(host='api.telegram.org', port=443): Max retries exceeded with url: /bot8154142653:AAH4c34ft-eAat6mln-uL2I7fye9itS79vE/editMessageText?text=%D0%A0%D0%B5%D0%B4.+%D1%81%D0%B5%D1%80%D0%B8%D0%B0%D0%BB%D0%B0%3A&chat_id=1374615669&message_id=3234&parse_mode=HTML&reply_markup=%7B%22inline_keyboard%22%3A+%5B%5B%7B%22text%22%3A+%22%5Cu270f%5Cufe0f+%5Cu041d%5Cu0430%5Cu0437%5Cu0432%5Cu0430%5Cu043d%5Cu0438%5Cu0435%22%2C+%22callback_data%22%3A+%22update_series_title%3A4%22%7D%2C+%7B%22text%22%3A+%22%5Cud83d%5Cuddd1%5Cufe0f+%5Cu0423%5Cu0434%5Cu0430%5Cu043b%5Cu0438%5Cu0442%5Cu044c%22%2C+%22callback_data%22%3A+%22delete_series%3A4%22%7D%5D%2C+%5B%7B%22text%22%3A+%22%5Cud83d%5Cuddbc+%5Cu041f%5Cu043e%5Cu0441%5Cu0442%5Cu0435%5Cu0440%22%2C+%22callback_data%22%3A+%22update_series_poster%3A4%22%7D%2C+%7B%22text%22%3A+%22%5Cud83d%5Cuddd1+%5Cu041f%5Cu043e%5Cu0441%5Cu0442%5Cu0435%5Cu0440%22%2C+%22callback_data%22%3A+%22delete_series_poster%3A4%22%7D%5D%2C+%5B%7B%22text%22%3A+%22%5Cu041d%5Cu0430%5Cu0437%5Cu0430%5Cu0434%22%2C+%22callback_data%22%3A+%22edit_menu%22%7D%5D%5D%7D (Caused by ProxyError('Unable to connect to proxy', RemoteDisconnected('Remote end closed connection without response')))

During handling of the above exception, another exception occurred:

Traceback (most recent call last):
  File "C:\Users\Dimondrol\Desktop\123\bot.py", line 78, in on_callback
    handlers.callback_edit_series(call, bot, int(data.split(":")[1]))
  File "C:\Users\Dimondrol\Desktop\123\handlers.py", line 443, in callback_edit_series
    bot.edit_message_text("Ред. сериала:", chat_id, call.message.message_id, reply_markup=markup)
  File "C:\Users\Dimondrol\Desktop\123\venv\Lib\site-packages\telebot\__init__.py", line 5349, in edit_message_text
    result = apihelper.edit_message_text(
             ^^^^^^^^^^^^^^^^^^^^^^^^^^^^
  File "C:\Users\Dimondrol\Desktop\123\venv\Lib\site-packages\telebot\apihelper.py", line 1627, in edit_message_text
    return _make_request(token, method_url, params=payload, method='post')
           ^^^^^^^^^^^^^^^^^^^^^^^^^^^^^^^^^^^^^^^^^^^^^^^^^^^^^^^^^^^^^^^
  File "C:\Users\Dimondrol\Desktop\123\venv\Lib\site-packages\telebot\apihelper.py", line 162, in _make_request
    result = _get_req_session().request(
             ^^^^^^^^^^^^^^^^^^^^^^^^^^^
  File "C:\Users\Dimondrol\Desktop\123\venv\Lib\site-packages\requests\sessions.py", line 589, in request
    resp = self.send(prep, **send_kwargs)
           ^^^^^^^^^^^^^^^^^^^^^^^^^^^^^^
  File "C:\Users\Dimondrol\Desktop\123\venv\Lib\site-packages\requests\sessions.py", line 703, in send
    r = adapter.send(request, **kwargs)
        ^^^^^^^^^^^^^^^^^^^^^^^^^^^^^^^
  File "C:\Users\Dimondrol\Desktop\123\venv\Lib\site-packages\requests\adapters.py", line 671, in send
    raise ProxyError(e, request=request)
requests.exceptions.ProxyError: HTTPSConnectionPool(host='api.telegram.org', port=443): Max retries exceeded with url: /bot8154142653:AAH4c34ft-eAat6mln-uL2I7fye9itS79vE/editMessageText?text=%D0%A0%D0%B5%D0%B4.+%D1%81%D0%B5%D1%80%D0%B8%D0%B0%D0%BB%D0%B0%3A&chat_id=1374615669&message_id=3234&parse_mode=HTML&reply_markup=%7B%22inline_keyboard%22%3A+%5B%5B%7B%22text%22%3A+%22%5Cu270f%5Cufe0f+%5Cu041d%5Cu0430%5Cu0437%5Cu0432%5Cu0430%5Cu043d%5Cu0438%5Cu0435%22%2C+%22callback_data%22%3A+%22update_series_title%3A4%22%7D%2C+%7B%22text%22%3A+%22%5Cud83d%5Cuddd1%5Cufe0f+%5Cu0423%5Cu0434%5Cu0430%5Cu043b%5Cu0438%5Cu0442%5Cu044c%22%2C+%22callback_data%22%3A+%22delete_series%3A4%22%7D%5D%2C+%5B%7B%22text%22%3A+%22%5Cud83d%5Cuddbc+%5Cu041f%5Cu043e%5Cu0441%5Cu0442%5Cu0435%5Cu0440%22%2C+%22callback_data%22%3A+%22update_series_poster%3A4%22%7D%2C+%7B%22text%22%3A+%22%5Cud83d%5Cuddd1+%5Cu041f%5Cu043e%5Cu0441%5Cu0442%5Cu0435%5Cu0440%22%2C+%22callback_data%22%3A+%22delete_series_poster%3A4%22%7D%5D%2C+%5B%7B%22text%22%3A+%22%5Cu041d%5Cu0430%5Cu0437%5Cu0430%5Cu0434%22%2C+%22callback_data%22%3A+%22edit_menu%22%7D%5D%5D%7D (Caused by ProxyError('Unable to connect to proxy', RemoteDisconnected('Remote end closed connection without response')))
2025-12-12 22:08:55,474 ERROR Callback Error
Traceback (most recent call last):
  File "C:\Users\Dimondrol\Desktop\123\venv\Lib\site-packages\urllib3\connectionpool.py", line 787, in urlopen
    response = self._make_request(
               ^^^^^^^^^^^^^^^^^^^
  File "C:\Users\Dimondrol\Desktop\123\venv\Lib\site-packages\urllib3\connectionpool.py", line 534, in _make_request
    response = conn.getresponse()
               ^^^^^^^^^^^^^^^^^^
  File "C:\Users\Dimondrol\Desktop\123\venv\Lib\site-packages\urllib3\connection.py", line 571, in getresponse
    httplib_response = super().getresponse()
                       ^^^^^^^^^^^^^^^^^^^^^
  File "C:\Users\Dimondrol\AppData\Local\Programs\Python\Python312\Lib\http\client.py", line 1428, in getresponse
    response.begin()
  File "C:\Users\Dimondrol\AppData\Local\Programs\Python\Python312\Lib\http\client.py", line 331, in begin
    version, status, reason = self._read_status()
                              ^^^^^^^^^^^^^^^^^^^
  File "C:\Users\Dimondrol\AppData\Local\Programs\Python\Python312\Lib\http\client.py", line 300, in _read_status
    raise RemoteDisconnected("Remote end closed connection without"
http.client.RemoteDisconnected: Remote end closed connection without response

The above exception was the direct cause of the following exception:

urllib3.exceptions.ProxyError: ('Unable to connect to proxy', RemoteDisconnected('Remote end closed connection without response'))

The above exception was the direct cause of the following exception:

Traceback (most recent call last):
  File "C:\Users\Dimondrol\Desktop\123\venv\Lib\site-packages\requests\adapters.py", line 644, in send
    resp = conn.urlopen(
           ^^^^^^^^^^^^^
  File "C:\Users\Dimondrol\Desktop\123\venv\Lib\site-packages\urllib3\connectionpool.py", line 841, in urlopen
    retries = retries.increment(
              ^^^^^^^^^^^^^^^^^^
  File "C:\Users\Dimondrol\Desktop\123\venv\Lib\site-packages\urllib3\util\retry.py", line 519, in increment
    raise MaxRetryError(_pool, url, reason) from reason  # type: ignore[arg-type]
    ^^^^^^^^^^^^^^^^^^^^^^^^^^^^^^^^^^^^^^^^^^^^^^^^^^^
urllib3.exceptions.MaxRetryError: HTTPSConnectionPool(host='api.telegram.org', port=443): Max retries exceeded with url: /bot8154142653:AAH4c34ft-eAat6mln-uL2I7fye9itS79vE/editMessageText?text=%F0%9F%93%9C+%3Cb%3E%D0%98%D1%81%D1%82%D0%BE%D1%80%D0%B8%D1%8F+%D0%BF%D1%80%D0%BE%D1%81%D0%BC%D0%BE%D1%82%D1%80%D0%B0%3C%2Fb%3E%0A%E2%80%A2+%D0%A0%D0%B8%D0%BA+%D0%B8+%D0%9C%D0%BE%D1%80%D1%82%D0%B8+%E2%80%94+%D0%BF%D0%BE%D1%81%D0%BB%D0%B5%D0%B4%D0%BD%D0%B5%D0%B5%3A+2025-12-11+13%3A08%3A42%0A%E2%80%A2+%D0%90%D1%80%D0%BA%D0%B5%D0%B9%D0%BD+%E2%80%94+%D0%BF%D0%BE%D1%81%D0%BB%D0%B5%D0%B4%D0%BD%D0%B5%D0%B5%3A+2025-12-11+11%3A52%3A12%0A%E2%80%A2+%D0%93%D0%B5%D1%80%D0%BE%D0%B8+%D0%AD%D0%BD%D0%B2%D0%B5%D0%BB%D0%B0+%E2%80%94+%D0%BF%D0%BE%D1%81%D0%BB%D0%B5%D0%B4%D0%BD%D0%B5%D0%B5%3A+2025-12-10+14%3A27%3A11%0A&chat_id=1374615669&message_id=3424&parse_mode=HTML&reply_markup=%7B%22inline_keyboard%22%3A+%5B%5B%7B%22text%22%3A+%22%5Cud83d%5Cudcfa+%5Cu0420%5Cu0438%5Cu043a+%5Cu0438+%5Cu041c%5Cu043e%5Cu0440%5Cu0442%5Cu0438%22%2C+%22callback_data%22%3A+%22series%3A1%22%7D%5D%2C+%5B%7B%22text%22%3A+%22%5Cu2705+S4E7+%28%5Cu0417%5Cu0430%5Cu043a%5Cu043e%5Cu043d%5Cu0447%5Cu0438%5Cu043b%5Cu0438+%5Cu0442%5Cu0443%5Cu0442%29%22%2C+%22callback_data%22%3A+%22episode%3A324%22%7D%2C+%7B%22text%22%3A+%22%5Cu27a1%5Cufe0f+S4E8+%28%5Cu0421%5Cu043b%5Cu0435%5Cu0434.%29%22%2C+%22callback_data%22%3A+%22episode%3A323%22%7D%5D%2C+%5B%7B%22text%22%3A+%22%5Cud83d%5Cudcfa+%5Cu0410%5Cu0440%5Cu043a%5Cu0435%5Cu0439%5Cu043d%22%2C+%22callback_data%22%3A+%22series%3A2%22%7D%5D%2C+%5B%7B%22text%22%3A+%22%5Cu2705+S2E6+%28%5Cu0417%5Cu0430%5Cu043a%5Cu043e%5Cu043d%5Cu0447%5Cu0438%5Cu043b%5Cu0438+%5Cu0442%5Cu0443%5Cu0442%29%22%2C+%22callback_data%22%3A+%22episode%3A380%22%7D%2C+%7B%22text%22%3A+%22%5Cu27a1%5Cufe0f+S2E7+%28%5Cu0421%5Cu043b%5Cu0435%5Cu0434.%29%22%2C+%22callback_data%22%3A+%22episode%3A379%22%7D%5D%2C+%5B%7B%22text%22%3A+%22%5Cud83d%5Cudcfa+%5Cu0413%5Cu0435%5Cu0440%5Cu043e%5Cu0438+%5Cu042d%5Cu043d%5Cu0432%5Cu0435%5Cu043b%5Cu0430%22%2C+%22callback_data%22%3A+%22series%3A3%22%7D%5D%2C+%5B%7B%22text%22%3A+%22%5Cu2705+S1E26+%28%5Cu0417%5Cu0430%5Cu043a%5Cu043e%5Cu043d%5Cu0447%5Cu0438%5Cu043b%5Cu0438+%5Cu0442%5Cu0443%5Cu0442%29%22%2C+%22callback_data%22%3A+%22episode%3A396%22%7D%2C+%7B%22text%22%3A+%22%5Cu27a1%5Cufe0f+S2E1+%28%5Cu0421%5Cu043b%5Cu0435%5Cu0434.%29%22%2C+%22callback_data%22%3A+%22episode%3A411%22%7D%5D%2C+%5B%7B%22text%22%3A+%22%5Cu0413%5Cu043b%5Cu0430%5Cu0432%5Cu043d%5Cu043e%5Cu0435+%5Cu043c%5Cu0435%5Cu043d%5Cu044e%22%2C+%22callback_data%22%3A+%22main_menu%22%7D%5D%5D%7D (Caused by ProxyError('Unable to connect to proxy', RemoteDisconnected('Remote end closed connection without response')))

During handling of the above exception, another exception occurred:

Traceback (most recent call last):
  File "C:\Users\Dimondrol\Desktop\123\handlers.py", line 363, in callback_continue_watch
    bot.edit_message_text(text, chat_id, call.message.message_id, reply_markup=markup, parse_mode="HTML")
  File "C:\Users\Dimondrol\Desktop\123\venv\Lib\site-packages\telebot\__init__.py", line 5349, in edit_message_text
    result = apihelper.edit_message_text(
             ^^^^^^^^^^^^^^^^^^^^^^^^^^^^
  File "C:\Users\Dimondrol\Desktop\123\venv\Lib\site-packages\telebot\apihelper.py", line 1627, in edit_message_text
    return _make_request(token, method_url, params=payload, method='post')
           ^^^^^^^^^^^^^^^^^^^^^^^^^^^^^^^^^^^^^^^^^^^^^^^^^^^^^^^^^^^^^^^
  File "C:\Users\Dimondrol\Desktop\123\venv\Lib\site-packages\telebot\apihelper.py", line 162, in _make_request
    result = _get_req_session().request(
             ^^^^^^^^^^^^^^^^^^^^^^^^^^^
  File "C:\Users\Dimondrol\Desktop\123\venv\Lib\site-packages\requests\sessions.py", line 589, in request
    resp = self.send(prep, **send_kwargs)
           ^^^^^^^^^^^^^^^^^^^^^^^^^^^^^^
  File "C:\Users\Dimondrol\Desktop\123\venv\Lib\site-packages\requests\sessions.py", line 703, in send
    r = adapter.send(request, **kwargs)
        ^^^^^^^^^^^^^^^^^^^^^^^^^^^^^^^
  File "C:\Users\Dimondrol\Desktop\123\venv\Lib\site-packages\requests\adapters.py", line 671, in send
    raise ProxyError(e, request=request)
requests.exceptions.ProxyError: HTTPSConnectionPool(host='api.telegram.org', port=443): Max retries exceeded with url: /bot8154142653:AAH4c34ft-eAat6mln-uL2I7fye9itS79vE/editMessageText?text=%F0%9F%93%9C+%3Cb%3E%D0%98%D1%81%D1%82%D0%BE%D1%80%D0%B8%D1%8F+%D0%BF%D1%80%D0%BE%D1%81%D0%BC%D0%BE%D1%82%D1%80%D0%B0%3C%2Fb%3E%0A%E2%80%A2+%D0%A0%D0%B8%D0%BA+%D0%B8+%D0%9C%D0%BE%D1%80%D1%82%D0%B8+%E2%80%94+%D0%BF%D0%BE%D1%81%D0%BB%D0%B5%D0%B4%D0%BD%D0%B5%D0%B5%3A+2025-12-11+13%3A08%3A42%0A%E2%80%A2+%D0%90%D1%80%D0%BA%D0%B5%D0%B9%D0%BD+%E2%80%94+%D0%BF%D0%BE%D1%81%D0%BB%D0%B5%D0%B4%D0%BD%D0%B5%D0%B5%3A+2025-12-11+11%3A52%3A12%0A%E2%80%A2+%D0%93%D0%B5%D1%80%D0%BE%D0%B8+%D0%AD%D0%BD%D0%B2%D0%B5%D0%BB%D0%B0+%E2%80%94+%D0%BF%D0%BE%D1%81%D0%BB%D0%B5%D0%B4%D0%BD%D0%B5%D0%B5%3A+2025-12-10+14%3A27%3A11%0A&chat_id=1374615669&message_id=3424&parse_mode=HTML&reply_markup=%7B%22inline_keyboard%22%3A+%5B%5B%7B%22text%22%3A+%22%5Cud83d%5Cudcfa+%5Cu0420%5Cu0438%5Cu043a+%5Cu0438+%5Cu041c%5Cu043e%5Cu0440%5Cu0442%5Cu0438%22%2C+%22callback_data%22%3A+%22series%3A1%22%7D%5D%2C+%5B%7B%22text%22%3A+%22%5Cu2705+S4E7+%28%5Cu0417%5Cu0430%5Cu043a%5Cu043e%5Cu043d%5Cu0447%5Cu0438%5Cu043b%5Cu0438+%5Cu0442%5Cu0443%5Cu0442%29%22%2C+%22callback_data%22%3A+%22episode%3A324%22%7D%2C+%7B%22text%22%3A+%22%5Cu27a1%5Cufe0f+S4E8+%28%5Cu0421%5Cu043b%5Cu0435%5Cu0434.%29%22%2C+%22callback_data%22%3A+%22episode%3A323%22%7D%5D%2C+%5B%7B%22text%22%3A+%22%5Cud83d%5Cudcfa+%5Cu0410%5Cu0440%5Cu043a%5Cu0435%5Cu0439%5Cu043d%22%2C+%22callback_data%22%3A+%22series%3A2%22%7D%5D%2C+%5B%7B%22text%22%3A+%22%5Cu2705+S2E6+%28%5Cu0417%5Cu0430%5Cu043a%5Cu043e%5Cu043d%5Cu0447%5Cu0438%5Cu043b%5Cu0438+%5Cu0442%5Cu0443%5Cu0442%29%22%2C+%22callback_data%22%3A+%22episode%3A380%22%7D%2C+%7B%22text%22%3A+%22%5Cu27a1%5Cufe0f+S2E7+%28%5Cu0421%5Cu043b%5Cu0435%5Cu0434.%29%22%2C+%22callback_data%22%3A+%22episode%3A379%22%7D%5D%2C+%5B%7B%22text%22%3A+%22%5Cud83d%5Cudcfa+%5Cu0413%5Cu0435%5Cu0440%5Cu043e%5Cu0438+%5Cu042d%5Cu043d%5Cu0432%5Cu0435%5Cu043b%5Cu0430%22%2C+%22callback_data%22%3A+%22series%3A3%22%7D%5D%2C+%5B%7B%22text%22%3A+%22%5Cu2705+S1E26+%28%5Cu0417%5Cu0430%5Cu043a%5Cu043e%5Cu043d%5Cu0447%5Cu0438%5Cu043b%5Cu0438+%5Cu0442%5Cu0443%5Cu0442%29%22%2C+%22callback_data%22%3A+%22episode%3A396%22%7D%2C+%7B%22text%22%3A+%22%5Cu27a1%5Cufe0f+S2E1+%28%5Cu0421%5Cu043b%5Cu0435%5Cu0434.%29%22%2C+%22callback_data%22%3A+%22episode%3A411%22%7D%5D%2C+%5B%7B%22text%22%3A+%22%5Cu0413%5Cu043b%5Cu0430%5Cu0432%5Cu043d%5Cu043e%5Cu0435+%5Cu043c%5Cu0435%5Cu043d%5Cu044e%22%2C+%22callback_data%22%3A+%22main_menu%22%7D%5D%5D%7D (Caused by ProxyError('Unable to connect to proxy', RemoteDisconnected('Remote end closed connection without response')))

During handling of the above exception, another exception occurred:

Traceback (most recent call last):
  File "C:\Users\Dimondrol\Desktop\123\bot.py", line 132, in on_callback
    handlers.callback_continue_watch(call, bot)
  File "C:\Users\Dimondrol\Desktop\123\handlers.py", line 366, in callback_continue_watch
    utils.clean_chat(chat_id, bot)
    ^^^^^^^^^^^^^^^^
AttributeError: module 'utils' has no attribute 'clean_chat'
